<?xml version="1.0" encoding="UTF-8" standalone="no"?>
<!DOCTYPE log SYSTEM "logger.dtd">
<log>
<record>
  <date>2019-11-10T11:13:01.332861200Z</date>
  <millis>1573384381332</millis>
  <nanos>861200</nanos>
  <sequence>1</sequence>
  <logger>global</logger>
  <level>INFO</level>
  <class>optix.util.Parser</class>
  <method>&lt;init&gt;</method>
  <thread>1</thread>
  <message>Parser initialization begin</message>
</record>
<record>
  <date>2019-11-10T11:13:01.407818800Z</date>
  <millis>1573384381407</millis>
  <nanos>818800</nanos>
  <sequence>2</sequence>
  <logger>global</logger>
  <level>INFO</level>
  <class>optix.util.Parser</class>
  <method>loadPreferences</method>
  <thread>1</thread>
  <message>loading preferences</message>
</record>
<record>
  <date>2019-11-10T11:13:01.408817400Z</date>
  <millis>1573384381408</millis>
  <nanos>817400</nanos>
  <sequence>3</sequence>
  <logger>global</logger>
  <level>INFO</level>
  <class>optix.util.Parser</class>
  <method>loadPreferences</method>
  <thread>1</thread>
  <message>preference file found.</message>
</record>
<record>
  <date>2019-11-10T11:13:01.409819300Z</date>
  <millis>1573384381409</millis>
  <nanos>819300</nanos>
  <sequence>4</sequence>
  <logger>global</logger>
  <level>INFO</level>
  <class>optix.util.Parser</class>
  <method>addAlias</method>
  <thread>1</thread>
  <message>adding new alias</message>
</record>
<record>
  <date>2019-11-10T11:13:01.410816200Z</date>
  <millis>1573384381410</millis>
  <nanos>816200</nanos>
  <sequence>5</sequence>
  <logger>global</logger>
  <level>INFO</level>
  <class>optix.util.Parser</class>
  <method>addAlias</method>
  <thread>1</thread>
  <message>add alias successful</message>
</record>
<record>
  <date>2019-11-10T11:13:01.411815500Z</date>
  <millis>1573384381411</millis>
  <nanos>815500</nanos>
  <sequence>6</sequence>
  <logger>global</logger>
  <level>INFO</level>
  <class>optix.util.Parser</class>
  <method>addAlias</method>
  <thread>1</thread>
  <message>adding new alias</message>
</record>
<record>
  <date>2019-11-10T11:13:01.411815500Z</date>
  <millis>1573384381411</millis>
  <nanos>815500</nanos>
  <sequence>7</sequence>
  <logger>global</logger>
  <level>INFO</level>
  <class>optix.util.Parser</class>
  <method>addAlias</method>
  <thread>1</thread>
  <message>add alias successful</message>
</record>
<record>
  <date>2019-11-10T11:13:01.412816300Z</date>
  <millis>1573384381412</millis>
  <nanos>816300</nanos>
  <sequence>8</sequence>
  <logger>global</logger>
  <level>INFO</level>
  <class>optix.util.Parser</class>
  <method>addAlias</method>
  <thread>1</thread>
  <message>adding new alias</message>
</record>
<record>
  <date>2019-11-10T11:13:01.412816300Z</date>
  <millis>1573384381412</millis>
  <nanos>816300</nanos>
  <sequence>9</sequence>
  <logger>global</logger>
  <level>INFO</level>
  <class>optix.util.Parser</class>
  <method>addAlias</method>
  <thread>1</thread>
  <message>add alias successful</message>
</record>
<record>
  <date>2019-11-10T11:13:01.413815100Z</date>
  <millis>1573384381413</millis>
  <nanos>815100</nanos>
  <sequence>10</sequence>
  <logger>global</logger>
  <level>INFO</level>
  <class>optix.util.Parser</class>
  <method>addAlias</method>
  <thread>1</thread>
  <message>adding new alias</message>
</record>
<record>
  <date>2019-11-10T11:13:01.414815300Z</date>
  <millis>1573384381414</millis>
  <nanos>815300</nanos>
  <sequence>11</sequence>
  <logger>global</logger>
  <level>INFO</level>
  <class>optix.util.Parser</class>
  <method>addAlias</method>
  <thread>1</thread>
  <message>add alias successful</message>
</record>
<record>
  <date>2019-11-10T11:13:01.415813900Z</date>
  <millis>1573384381415</millis>
  <nanos>813900</nanos>
  <sequence>12</sequence>
  <logger>global</logger>
  <level>INFO</level>
  <class>optix.util.Parser</class>
  <method>addAlias</method>
  <thread>1</thread>
  <message>adding new alias</message>
</record>
<record>
  <date>2019-11-10T11:13:01.416813900Z</date>
  <millis>1573384381416</millis>
  <nanos>813900</nanos>
  <sequence>13</sequence>
  <logger>global</logger>
  <level>INFO</level>
  <class>optix.util.Parser</class>
  <method>addAlias</method>
  <thread>1</thread>
  <message>add alias successful</message>
</record>
<record>
  <date>2019-11-10T11:13:01.417813400Z</date>
  <millis>1573384381417</millis>
  <nanos>813400</nanos>
  <sequence>14</sequence>
  <logger>global</logger>
  <level>INFO</level>
  <class>optix.util.Parser</class>
  <method>addAlias</method>
  <thread>1</thread>
  <message>adding new alias</message>
</record>
<record>
  <date>2019-11-10T11:13:01.417813400Z</date>
  <millis>1573384381417</millis>
  <nanos>813400</nanos>
  <sequence>15</sequence>
  <logger>global</logger>
  <level>INFO</level>
  <class>optix.util.Parser</class>
  <method>addAlias</method>
  <thread>1</thread>
  <message>add alias successful</message>
</record>
<record>
  <date>2019-11-10T11:13:01.418811900Z</date>
  <millis>1573384381418</millis>
  <nanos>811900</nanos>
  <sequence>16</sequence>
  <logger>global</logger>
  <level>INFO</level>
  <class>optix.util.Parser</class>
  <method>addAlias</method>
  <thread>1</thread>
  <message>adding new alias</message>
</record>
<record>
  <date>2019-11-10T11:13:01.418811900Z</date>
  <millis>1573384381418</millis>
  <nanos>811900</nanos>
  <sequence>17</sequence>
  <logger>global</logger>
  <level>INFO</level>
  <class>optix.util.Parser</class>
  <method>addAlias</method>
  <thread>1</thread>
  <message>add alias successful</message>
</record>
<record>
  <date>2019-11-10T11:13:01.419811100Z</date>
  <millis>1573384381419</millis>
  <nanos>811100</nanos>
  <sequence>18</sequence>
  <logger>global</logger>
  <level>INFO</level>
  <class>optix.util.Parser</class>
  <method>addAlias</method>
  <thread>1</thread>
  <message>adding new alias</message>
</record>
<record>
  <date>2019-11-10T11:13:01.420811600Z</date>
  <millis>1573384381420</millis>
  <nanos>811600</nanos>
  <sequence>19</sequence>
  <logger>global</logger>
  <level>INFO</level>
  <class>optix.util.Parser</class>
  <method>addAlias</method>
  <thread>1</thread>
  <message>add alias successful</message>
</record>
<record>
  <date>2019-11-10T11:13:01.421810100Z</date>
  <millis>1573384381421</millis>
  <nanos>810100</nanos>
  <sequence>20</sequence>
  <logger>global</logger>
  <level>INFO</level>
  <class>optix.util.Parser</class>
  <method>addAlias</method>
  <thread>1</thread>
  <message>adding new alias</message>
</record>
<record>
  <date>2019-11-10T11:13:01.421810100Z</date>
  <millis>1573384381421</millis>
  <nanos>810100</nanos>
  <sequence>21</sequence>
  <logger>global</logger>
  <level>INFO</level>
  <class>optix.util.Parser</class>
  <method>addAlias</method>
  <thread>1</thread>
  <message>add alias successful</message>
</record>
<record>
  <date>2019-11-10T11:13:01.422809600Z</date>
  <millis>1573384381422</millis>
  <nanos>809600</nanos>
  <sequence>22</sequence>
  <logger>global</logger>
  <level>INFO</level>
  <class>optix.util.Parser</class>
  <method>addAlias</method>
  <thread>1</thread>
  <message>adding new alias</message>
</record>
<record>
  <date>2019-11-10T11:13:01.423808600Z</date>
  <millis>1573384381423</millis>
  <nanos>808600</nanos>
  <sequence>23</sequence>
  <logger>global</logger>
  <level>INFO</level>
  <class>optix.util.Parser</class>
  <method>addAlias</method>
  <thread>1</thread>
  <message>add alias successful</message>
</record>
<record>
  <date>2019-11-10T11:13:01.423808600Z</date>
  <millis>1573384381423</millis>
  <nanos>808600</nanos>
  <sequence>24</sequence>
  <logger>global</logger>
  <level>INFO</level>
  <class>optix.util.Parser</class>
  <method>addAlias</method>
  <thread>1</thread>
  <message>adding new alias</message>
</record>
<record>
  <date>2019-11-10T11:13:01.424808600Z</date>
  <millis>1573384381424</millis>
  <nanos>808600</nanos>
  <sequence>25</sequence>
  <logger>global</logger>
  <level>INFO</level>
  <class>optix.util.Parser</class>
  <method>addAlias</method>
  <thread>1</thread>
  <message>add alias successful</message>
</record>
<record>
  <date>2019-11-10T11:13:01.424808600Z</date>
  <millis>1573384381424</millis>
  <nanos>808600</nanos>
  <sequence>26</sequence>
  <logger>global</logger>
  <level>INFO</level>
  <class>optix.util.Parser</class>
  <method>addAlias</method>
  <thread>1</thread>
  <message>adding new alias</message>
</record>
<record>
  <date>2019-11-10T11:13:01.425808400Z</date>
  <millis>1573384381425</millis>
  <nanos>808400</nanos>
  <sequence>27</sequence>
  <logger>global</logger>
  <level>INFO</level>
  <class>optix.util.Parser</class>
  <method>addAlias</method>
  <thread>1</thread>
  <message>add alias successful</message>
</record>
<record>
  <date>2019-11-10T11:13:01.426807800Z</date>
  <millis>1573384381426</millis>
  <nanos>807800</nanos>
  <sequence>28</sequence>
  <logger>global</logger>
  <level>INFO</level>
  <class>optix.util.Parser</class>
  <method>addAlias</method>
  <thread>1</thread>
  <message>adding new alias</message>
</record>
<record>
  <date>2019-11-10T11:13:01.427807100Z</date>
  <millis>1573384381427</millis>
  <nanos>807100</nanos>
  <sequence>29</sequence>
  <logger>global</logger>
  <level>INFO</level>
  <class>optix.util.Parser</class>
  <method>addAlias</method>
  <thread>1</thread>
  <message>add alias successful</message>
</record>
<record>
  <date>2019-11-10T11:13:01.428806400Z</date>
  <millis>1573384381428</millis>
  <nanos>806400</nanos>
  <sequence>30</sequence>
  <logger>global</logger>
  <level>INFO</level>
  <class>optix.util.Parser</class>
  <method>loadPreferences</method>
  <thread>1</thread>
  <message>load preferences completed</message>
</record>
<record>
  <date>2019-11-10T11:13:01.429806400Z</date>
  <millis>1573384381429</millis>
  <nanos>806400</nanos>
  <sequence>31</sequence>
  <logger>global</logger>
  <level>INFO</level>
  <class>optix.util.Parser</class>
  <method>&lt;init&gt;</method>
  <thread>1</thread>
  <message>Parser initialization complete.</message>
</record>
<record>
  <date>2019-11-10T11:13:01.430805700Z</date>
  <millis>1573384381430</millis>
  <nanos>805700</nanos>
  <sequence>32</sequence>
  <logger>global</logger>
  <level>INFO</level>
  <class>optix.util.Parser</class>
  <method>resetPreferences</method>
  <thread>1</thread>
  <message>Saving preferences</message>
</record>
<record>
  <date>2019-11-10T11:13:01.430805700Z</date>
  <millis>1573384381430</millis>
  <nanos>805700</nanos>
  <sequence>33</sequence>
  <logger>global</logger>
  <level>INFO</level>
  <class>optix.util.Parser</class>
  <method>resetPreferences</method>
  <thread>1</thread>
  <message>preferences saved</message>
</record>
<record>
  <date>2019-11-10T11:13:01.434803Z</date>
  <millis>1573384381434</millis>
  <nanos>803000</nanos>
  <sequence>34</sequence>
  <logger>global</logger>
  <level>INFO</level>
  <class>optix.util.Parser</class>
  <method>addAlias</method>
  <thread>1</thread>
  <message>adding new alias</message>
</record>
<record>
  <date>2019-11-10T11:13:01.435802300Z</date>
  <millis>1573384381435</millis>
  <nanos>802300</nanos>
  <sequence>35</sequence>
  <logger>global</logger>
  <level>INFO</level>
  <class>optix.util.Parser</class>
  <method>addAlias</method>
  <thread>1</thread>
  <message>add alias successful</message>
</record>
<record>
  <date>2019-11-10T11:13:01.452792800Z</date>
  <millis>1573384381452</millis>
  <nanos>792800</nanos>
  <sequence>37</sequence>
  <logger>global</logger>
  <level>INFO</level>
  <class>optix.util.Parser</class>
  <method>&lt;init&gt;</method>
  <thread>1</thread>
  <message>Parser initialization begin</message>
</record>
<record>
  <date>2019-11-10T11:13:01.453793600Z</date>
  <millis>1573384381453</millis>
  <nanos>793600</nanos>
  <sequence>38</sequence>
  <logger>global</logger>
  <level>INFO</level>
  <class>optix.util.Parser</class>
  <method>&lt;init&gt;</method>
  <thread>1</thread>
  <message>Parser initialization complete.</message>
</record>
<record>
  <date>2019-11-10T11:13:01.454794100Z</date>
  <millis>1573384381454</millis>
  <nanos>794100</nanos>
  <sequence>39</sequence>
  <logger>global</logger>
  <level>INFO</level>
  <class>optix.util.Parser</class>
  <method>resetPreferences</method>
  <thread>1</thread>
  <message>Saving preferences</message>
</record>
<record>
  <date>2019-11-10T11:13:01.455790400Z</date>
  <millis>1573384381455</millis>
  <nanos>790400</nanos>
  <sequence>40</sequence>
  <logger>global</logger>
  <level>INFO</level>
  <class>optix.util.Parser</class>
  <method>resetPreferences</method>
  <thread>1</thread>
  <message>preferences saved</message>
</record>
<record>
  <date>2019-11-10T11:13:01.456790800Z</date>
  <millis>1573384381456</millis>
  <nanos>790800</nanos>
  <sequence>41</sequence>
  <logger>global</logger>
  <level>INFO</level>
  <class>optix.util.Parser</class>
  <method>addAlias</method>
  <thread>1</thread>
  <message>adding new alias</message>
</record>
<record>
  <date>2019-11-10T11:13:01.456790800Z</date>
  <millis>1573384381456</millis>
  <nanos>790800</nanos>
  <sequence>42</sequence>
  <logger>global</logger>
  <level>INFO</level>
  <class>optix.util.Parser</class>
  <method>addAlias</method>
  <thread>1</thread>
  <message>add alias successful</message>
</record>
<record>
  <date>2019-11-10T11:13:01.461788100Z</date>
  <millis>1573384381461</millis>
  <nanos>788100</nanos>
  <sequence>44</sequence>
  <logger>global</logger>
  <level>INFO</level>
  <class>optix.util.Parser</class>
  <method>&lt;init&gt;</method>
  <thread>1</thread>
  <message>Parser initialization begin</message>
</record>
<record>
  <date>2019-11-10T11:13:01.462789200Z</date>
  <millis>1573384381462</millis>
  <nanos>789200</nanos>
  <sequence>45</sequence>
  <logger>global</logger>
  <level>INFO</level>
  <class>optix.util.Parser</class>
  <method>&lt;init&gt;</method>
  <thread>1</thread>
  <message>Parser initialization complete.</message>
</record>
<record>
  <date>2019-11-10T11:13:01.463786600Z</date>
  <millis>1573384381463</millis>
  <nanos>786600</nanos>
  <sequence>46</sequence>
  <logger>global</logger>
  <level>INFO</level>
  <class>optix.util.Parser</class>
  <method>resetPreferences</method>
  <thread>1</thread>
  <message>Saving preferences</message>
</record>
<record>
  <date>2019-11-10T11:13:01.463786600Z</date>
  <millis>1573384381463</millis>
  <nanos>786600</nanos>
  <sequence>47</sequence>
  <logger>global</logger>
  <level>INFO</level>
  <class>optix.util.Parser</class>
  <method>resetPreferences</method>
  <thread>1</thread>
  <message>preferences saved</message>
</record>
<record>
  <date>2019-11-10T11:13:01.464785600Z</date>
  <millis>1573384381464</millis>
  <nanos>785600</nanos>
  <sequence>48</sequence>
  <logger>global</logger>
  <level>INFO</level>
  <class>optix.util.Parser</class>
  <method>parse</method>
  <thread>1</thread>
  <message>Parsing string: remove-alias VV</message>
</record>
</log>
<?xml version="1.0" encoding="UTF-8" standalone="no"?>
<!DOCTYPE log SYSTEM "logger.dtd">
<log>
<record>
  <date>2019-11-10T11:13:01.478779800Z</date>
  <millis>1573384381478</millis>
  <nanos>779800</nanos>
  <sequence>51</sequence>
  <logger>global</logger>
  <level>INFO</level>
  <class>optix.util.Parser</class>
  <method>&lt;init&gt;</method>
  <thread>1</thread>
  <message>Parser initialization begin</message>
</record>
<record>
  <date>2019-11-10T11:13:01.478779800Z</date>
  <millis>1573384381478</millis>
  <nanos>779800</nanos>
  <sequence>52</sequence>
  <logger>global</logger>
  <level>INFO</level>
  <class>optix.util.Parser</class>
  <method>&lt;init&gt;</method>
  <thread>1</thread>
  <message>Parser initialization complete.</message>
</record>
<record>
  <date>2019-11-10T11:13:01.479778400Z</date>
  <millis>1573384381479</millis>
  <nanos>778400</nanos>
  <sequence>53</sequence>
  <logger>global</logger>
  <level>INFO</level>
  <class>optix.util.Parser</class>
  <method>resetPreferences</method>
  <thread>1</thread>
  <message>Saving preferences</message>
</record>
<record>
  <date>2019-11-10T11:13:01.479778400Z</date>
  <millis>1573384381479</millis>
  <nanos>778400</nanos>
  <sequence>54</sequence>
  <logger>global</logger>
  <level>INFO</level>
  <class>optix.util.Parser</class>
  <method>resetPreferences</method>
  <thread>1</thread>
  <message>preferences saved</message>
</record>
<record>
  <date>2019-11-10T11:13:01.480777100Z</date>
  <millis>1573384381480</millis>
  <nanos>777100</nanos>
  <sequence>55</sequence>
  <logger>global</logger>
  <level>INFO</level>
  <class>optix.util.Parser</class>
  <method>parse</method>
  <thread>1</thread>
  <message>Parsing string: invalidInput</message>
</record>
<record>
  <date>2019-11-10T11:13:01.481776700Z</date>
  <millis>1573384381481</millis>
  <nanos>776700</nanos>
  <sequence>56</sequence>
  <logger>global</logger>
  <level>WARNING</level>
  <class>optix.util.Parser</class>
  <method>parse</method>
  <thread>1</thread>
  <message>Error with command: invalidinput</message>
</record>
<record>
  <date>2019-11-10T11:13:01.488772400Z</date>
  <millis>1573384381488</millis>
  <nanos>772400</nanos>
  <sequence>58</sequence>
  <logger>global</logger>
  <level>INFO</level>
  <class>optix.util.Parser</class>
  <method>&lt;init&gt;</method>
  <thread>1</thread>
  <message>Parser initialization begin</message>
</record>
<record>
  <date>2019-11-10T11:13:01.489772200Z</date>
  <millis>1573384381489</millis>
  <nanos>772200</nanos>
  <sequence>59</sequence>
  <logger>global</logger>
  <level>INFO</level>
  <class>optix.util.Parser</class>
  <method>&lt;init&gt;</method>
  <thread>1</thread>
  <message>Parser initialization complete.</message>
</record>
<record>
  <date>2019-11-10T11:13:01.489772200Z</date>
  <millis>1573384381489</millis>
  <nanos>772200</nanos>
  <sequence>60</sequence>
  <logger>global</logger>
  <level>INFO</level>
  <class>optix.util.Parser</class>
  <method>resetPreferences</method>
  <thread>1</thread>
  <message>Saving preferences</message>
</record>
<record>
  <date>2019-11-10T11:13:01.489772200Z</date>
  <millis>1573384381489</millis>
  <nanos>772200</nanos>
  <sequence>61</sequence>
  <logger>global</logger>
  <level>INFO</level>
  <class>optix.util.Parser</class>
  <method>resetPreferences</method>
  <thread>1</thread>
  <message>preferences saved</message>
</record>
<record>
  <date>2019-11-10T11:13:01.490770900Z</date>
  <millis>1573384381490</millis>
  <nanos>770900</nanos>
  <sequence>62</sequence>
  <logger>global</logger>
  <level>INFO</level>
  <class>optix.util.Parser</class>
  <method>addAlias</method>
  <thread>1</thread>
  <message>adding new alias</message>
</record>
<record>
  <date>2019-11-10T11:13:01.491770Z</date>
  <millis>1573384381491</millis>
  <nanos>770000</nanos>
  <sequence>63</sequence>
  <logger>global</logger>
  <level>INFO</level>
  <class>optix.util.Parser</class>
  <method>addAlias</method>
  <thread>1</thread>
  <message>add alias successful</message>
</record>
<record>
  <date>2019-11-10T11:13:01.495769700Z</date>
  <millis>1573384381495</millis>
  <nanos>769700</nanos>
  <sequence>65</sequence>
  <logger>global</logger>
  <level>INFO</level>
  <class>optix.util.Parser</class>
  <method>&lt;init&gt;</method>
  <thread>1</thread>
  <message>Parser initialization begin</message>
</record>
<record>
  <date>2019-11-10T11:13:01.496767900Z</date>
  <millis>1573384381496</millis>
  <nanos>767900</nanos>
  <sequence>66</sequence>
  <logger>global</logger>
  <level>INFO</level>
  <class>optix.util.Parser</class>
  <method>&lt;init&gt;</method>
  <thread>1</thread>
  <message>Parser initialization complete.</message>
</record>
<record>
  <date>2019-11-10T11:13:01.497768900Z</date>
  <millis>1573384381497</millis>
  <nanos>768900</nanos>
  <sequence>67</sequence>
  <logger>global</logger>
  <level>INFO</level>
  <class>optix.util.Parser</class>
  <method>resetPreferences</method>
  <thread>1</thread>
  <message>Saving preferences</message>
</record>
<record>
  <date>2019-11-10T11:13:01.497768900Z</date>
  <millis>1573384381497</millis>
  <nanos>768900</nanos>
  <sequence>68</sequence>
  <logger>global</logger>
  <level>INFO</level>
  <class>optix.util.Parser</class>
  <method>resetPreferences</method>
  <thread>1</thread>
  <message>preferences saved</message>
</record>
<record>
  <date>2019-11-10T11:13:01.498766900Z</date>
  <millis>1573384381498</millis>
  <nanos>766900</nanos>
  <sequence>69</sequence>
  <logger>global</logger>
  <level>INFO</level>
  <class>optix.util.Parser</class>
  <method>addAlias</method>
  <thread>1</thread>
  <message>adding new alias</message>
</record>
<record>
  <date>2019-11-10T11:13:01.498766900Z</date>
  <millis>1573384381498</millis>
  <nanos>766900</nanos>
  <sequence>70</sequence>
  <logger>global</logger>
  <level>INFO</level>
  <class>optix.util.Parser</class>
  <method>addAlias</method>
  <thread>1</thread>
  <message>add alias successful</message>
</record>
<record>
  <date>2019-11-10T11:13:01.507764300Z</date>
  <millis>1573384381507</millis>
  <nanos>764300</nanos>
  <sequence>72</sequence>
  <logger>global</logger>
  <level>INFO</level>
  <class>optix.util.Parser</class>
  <method>&lt;init&gt;</method>
  <thread>1</thread>
  <message>Parser initialization begin</message>
</record>
<record>
  <date>2019-11-10T11:13:01.509762800Z</date>
  <millis>1573384381509</millis>
  <nanos>762800</nanos>
  <sequence>73</sequence>
  <logger>global</logger>
  <level>INFO</level>
  <class>optix.util.Parser</class>
  <method>&lt;init&gt;</method>
  <thread>1</thread>
  <message>Parser initialization complete.</message>
</record>
<record>
  <date>2019-11-10T11:13:01.509762800Z</date>
  <millis>1573384381509</millis>
  <nanos>762800</nanos>
  <sequence>74</sequence>
  <logger>global</logger>
  <level>INFO</level>
  <class>optix.util.Parser</class>
  <method>resetPreferences</method>
  <thread>1</thread>
  <message>Saving preferences</message>
</record>
<record>
  <date>2019-11-10T11:13:01.510761700Z</date>
  <millis>1573384381510</millis>
  <nanos>761700</nanos>
  <sequence>75</sequence>
  <logger>global</logger>
  <level>INFO</level>
  <class>optix.util.Parser</class>
  <method>resetPreferences</method>
  <thread>1</thread>
  <message>preferences saved</message>
</record>
<record>
  <date>2019-11-10T11:13:01.511759200Z</date>
  <millis>1573384381511</millis>
  <nanos>759200</nanos>
  <sequence>76</sequence>
  <logger>global</logger>
  <level>INFO</level>
  <class>optix.util.Parser</class>
  <method>addAlias</method>
  <thread>1</thread>
  <message>adding new alias</message>
</record>
<record>
  <date>2019-11-10T11:13:01.511759200Z</date>
  <millis>1573384381511</millis>
  <nanos>759200</nanos>
  <sequence>77</sequence>
  <logger>global</logger>
  <level>INFO</level>
  <class>optix.util.Parser</class>
  <method>addAlias</method>
  <thread>1</thread>
  <message>add alias successful</message>
</record>
<record>
  <date>2019-11-10T11:13:01.525753200Z</date>
  <millis>1573384381525</millis>
  <nanos>753200</nanos>
  <sequence>79</sequence>
  <logger>global</logger>
  <level>INFO</level>
  <class>optix.util.Parser</class>
  <method>&lt;init&gt;</method>
  <thread>1</thread>
  <message>Parser initialization begin</message>
</record>
<record>
  <date>2019-11-10T11:13:01.526750300Z</date>
  <millis>1573384381526</millis>
  <nanos>750300</nanos>
  <sequence>80</sequence>
  <logger>global</logger>
  <level>INFO</level>
  <class>optix.util.Parser</class>
  <method>&lt;init&gt;</method>
  <thread>1</thread>
  <message>Parser initialization complete.</message>
</record>
<record>
  <date>2019-11-10T11:13:01.527750500Z</date>
  <millis>1573384381527</millis>
  <nanos>750500</nanos>
  <sequence>81</sequence>
  <logger>global</logger>
  <level>INFO</level>
  <class>optix.util.Parser</class>
  <method>resetPreferences</method>
  <thread>1</thread>
  <message>Saving preferences</message>
</record>
<record>
  <date>2019-11-10T11:13:01.527750500Z</date>
  <millis>1573384381527</millis>
  <nanos>750500</nanos>
  <sequence>82</sequence>
  <logger>global</logger>
  <level>INFO</level>
  <class>optix.util.Parser</class>
  <method>resetPreferences</method>
  <thread>1</thread>
  <message>preferences saved</message>
</record>
<record>
  <date>2019-11-10T11:13:01.528748500Z</date>
  <millis>1573384381528</millis>
  <nanos>748500</nanos>
  <sequence>83</sequence>
  <logger>global</logger>
  <level>INFO</level>
  <class>optix.util.Parser</class>
  <method>addAlias</method>
  <thread>1</thread>
  <message>adding new alias</message>
</record>
<record>
  <date>2019-11-10T11:13:01.529749200Z</date>
  <millis>1573384381529</millis>
  <nanos>749200</nanos>
  <sequence>84</sequence>
  <logger>global</logger>
  <level>INFO</level>
  <class>optix.util.Parser</class>
  <method>addAlias</method>
  <thread>1</thread>
  <message>add alias successful</message>
</record>
<record>
  <date>2019-11-10T11:13:01.538743800Z</date>
  <millis>1573384381538</millis>
  <nanos>743800</nanos>
  <sequence>86</sequence>
  <logger>global</logger>
  <level>INFO</level>
  <class>optix.util.Parser</class>
  <method>&lt;init&gt;</method>
  <thread>1</thread>
  <message>Parser initialization begin</message>
</record>
<record>
  <date>2019-11-10T11:13:01.539743800Z</date>
  <millis>1573384381539</millis>
  <nanos>743800</nanos>
  <sequence>87</sequence>
  <logger>global</logger>
  <level>INFO</level>
  <class>optix.util.Parser</class>
  <method>&lt;init&gt;</method>
  <thread>1</thread>
  <message>Parser initialization complete.</message>
</record>
<record>
  <date>2019-11-10T11:13:01.540743200Z</date>
  <millis>1573384381540</millis>
  <nanos>743200</nanos>
  <sequence>88</sequence>
  <logger>global</logger>
  <level>INFO</level>
  <class>optix.util.Parser</class>
  <method>resetPreferences</method>
  <thread>1</thread>
  <message>Saving preferences</message>
</record>
<record>
  <date>2019-11-10T11:13:01.540743200Z</date>
  <millis>1573384381540</millis>
  <nanos>743200</nanos>
  <sequence>89</sequence>
  <logger>global</logger>
  <level>INFO</level>
  <class>optix.util.Parser</class>
  <method>resetPreferences</method>
  <thread>1</thread>
  <message>preferences saved</message>
</record>
<record>
  <date>2019-11-10T11:13:01.541742800Z</date>
  <millis>1573384381541</millis>
  <nanos>742800</nanos>
  <sequence>90</sequence>
  <logger>global</logger>
  <level>INFO</level>
  <class>optix.util.Parser</class>
  <method>addAlias</method>
  <thread>1</thread>
  <message>adding new alias</message>
</record>
<record>
  <date>2019-11-10T11:13:01.543740700Z</date>
  <millis>1573384381543</millis>
  <nanos>740700</nanos>
  <sequence>91</sequence>
  <logger>global</logger>
  <level>INFO</level>
  <class>optix.util.Parser</class>
  <method>addAlias</method>
  <thread>1</thread>
  <message>add alias successful</message>
</record>
<record>
  <date>2019-11-10T11:13:01.554735100Z</date>
  <millis>1573384381554</millis>
  <nanos>735100</nanos>
  <sequence>93</sequence>
  <logger>global</logger>
  <level>INFO</level>
  <class>optix.util.Parser</class>
  <method>&lt;init&gt;</method>
  <thread>1</thread>
  <message>Parser initialization begin</message>
</record>
<record>
  <date>2019-11-10T11:13:01.557732100Z</date>
  <millis>1573384381557</millis>
  <nanos>732100</nanos>
  <sequence>94</sequence>
  <logger>global</logger>
  <level>INFO</level>
  <class>optix.util.Parser</class>
  <method>&lt;init&gt;</method>
  <thread>1</thread>
  <message>Parser initialization complete.</message>
</record>
<record>
  <date>2019-11-10T11:13:01.560731100Z</date>
  <millis>1573384381560</millis>
  <nanos>731100</nanos>
  <sequence>95</sequence>
  <logger>global</logger>
  <level>INFO</level>
  <class>optix.util.Parser</class>
  <method>resetPreferences</method>
  <thread>1</thread>
  <message>Saving preferences</message>
</record>
<record>
  <date>2019-11-10T11:13:01.560731100Z</date>
  <millis>1573384381560</millis>
  <nanos>731100</nanos>
  <sequence>96</sequence>
  <logger>global</logger>
  <level>INFO</level>
  <class>optix.util.Parser</class>
  <method>resetPreferences</method>
  <thread>1</thread>
  <message>preferences saved</message>
</record>
<record>
  <date>2019-11-10T11:13:01.561731200Z</date>
  <millis>1573384381561</millis>
  <nanos>731200</nanos>
  <sequence>97</sequence>
  <logger>global</logger>
  <level>INFO</level>
  <class>optix.util.Parser</class>
  <method>addAlias</method>
  <thread>1</thread>
  <message>adding new alias</message>
</record>
<record>
  <date>2019-11-10T11:13:01.562730Z</date>
  <millis>1573384381562</millis>
  <nanos>730000</nanos>
  <sequence>98</sequence>
  <logger>global</logger>
  <level>INFO</level>
  <class>optix.util.Parser</class>
  <method>addAlias</method>
  <thread>1</thread>
  <message>add alias successful</message>
</record>
<record>
  <date>2019-11-10T11:13:01.570726400Z</date>
  <millis>1573384381570</millis>
  <nanos>726400</nanos>
  <sequence>100</sequence>
  <logger>global</logger>
  <level>INFO</level>
  <class>optix.util.Parser</class>
  <method>&lt;init&gt;</method>
  <thread>1</thread>
  <message>Parser initialization begin</message>
</record>
<record>
  <date>2019-11-10T11:13:01.571728Z</date>
  <millis>1573384381571</millis>
  <nanos>728000</nanos>
  <sequence>101</sequence>
  <logger>global</logger>
  <level>INFO</level>
  <class>optix.util.Parser</class>
  <method>&lt;init&gt;</method>
  <thread>1</thread>
  <message>Parser initialization complete.</message>
</record>
<record>
  <date>2019-11-10T11:13:01.572724400Z</date>
  <millis>1573384381572</millis>
  <nanos>724400</nanos>
  <sequence>102</sequence>
  <logger>global</logger>
  <level>INFO</level>
  <class>optix.util.Parser</class>
  <method>resetPreferences</method>
  <thread>1</thread>
  <message>Saving preferences</message>
</record>
<record>
  <date>2019-11-10T11:13:01.572724400Z</date>
  <millis>1573384381572</millis>
  <nanos>724400</nanos>
  <sequence>103</sequence>
  <logger>global</logger>
  <level>INFO</level>
  <class>optix.util.Parser</class>
  <method>resetPreferences</method>
  <thread>1</thread>
  <message>preferences saved</message>
</record>
<record>
  <date>2019-11-10T11:13:01.573724700Z</date>
  <millis>1573384381573</millis>
  <nanos>724700</nanos>
  <sequence>104</sequence>
  <logger>global</logger>
  <level>INFO</level>
  <class>optix.util.Parser</class>
  <method>addAlias</method>
  <thread>1</thread>
  <message>adding new alias</message>
</record>
<record>
  <date>2019-11-10T11:13:01.574723400Z</date>
  <millis>1573384381574</millis>
  <nanos>723400</nanos>
  <sequence>105</sequence>
  <logger>global</logger>
  <level>INFO</level>
  <class>optix.util.Parser</class>
  <method>addAlias</method>
  <thread>1</thread>
  <message>add alias successful</message>
</record>
<record>
  <date>2019-11-10T11:13:01.591713600Z</date>
  <millis>1573384381591</millis>
  <nanos>713600</nanos>
  <sequence>107</sequence>
  <logger>global</logger>
  <level>INFO</level>
  <class>optix.util.Parser</class>
  <method>&lt;init&gt;</method>
  <thread>1</thread>
  <message>Parser initialization begin</message>
</record>
<record>
  <date>2019-11-10T11:13:01.593712800Z</date>
  <millis>1573384381593</millis>
  <nanos>712800</nanos>
  <sequence>108</sequence>
  <logger>global</logger>
  <level>INFO</level>
  <class>optix.util.Parser</class>
  <method>&lt;init&gt;</method>
  <thread>1</thread>
  <message>Parser initialization complete.</message>
</record>
<record>
  <date>2019-11-10T11:13:01.594712Z</date>
  <millis>1573384381594</millis>
  <nanos>712000</nanos>
  <sequence>109</sequence>
  <logger>global</logger>
  <level>INFO</level>
  <class>optix.util.Parser</class>
  <method>resetPreferences</method>
  <thread>1</thread>
  <message>Saving preferences</message>
</record>
<record>
  <date>2019-11-10T11:13:01.594712Z</date>
  <millis>1573384381594</millis>
  <nanos>712000</nanos>
  <sequence>110</sequence>
  <logger>global</logger>
  <level>INFO</level>
  <class>optix.util.Parser</class>
  <method>resetPreferences</method>
  <thread>1</thread>
  <message>preferences saved</message>
</record>
<record>
  <date>2019-11-10T11:13:01.597711400Z</date>
  <millis>1573384381597</millis>
  <nanos>711400</nanos>
  <sequence>111</sequence>
  <logger>global</logger>
  <level>INFO</level>
  <class>optix.util.Parser</class>
  <method>addAlias</method>
  <thread>1</thread>
  <message>adding new alias</message>
</record>
<record>
  <date>2019-11-10T11:13:01.598709400Z</date>
  <millis>1573384381598</millis>
  <nanos>709400</nanos>
  <sequence>112</sequence>
  <logger>global</logger>
  <level>INFO</level>
  <class>optix.util.Parser</class>
  <method>addAlias</method>
  <thread>1</thread>
  <message>add alias successful</message>
</record>
<record>
  <date>2019-11-10T11:13:01.604706800Z</date>
  <millis>1573384381604</millis>
  <nanos>706800</nanos>
  <sequence>114</sequence>
  <logger>global</logger>
  <level>INFO</level>
  <class>optix.util.Parser</class>
  <method>&lt;init&gt;</method>
  <thread>1</thread>
  <message>Parser initialization begin</message>
</record>
<record>
  <date>2019-11-10T11:13:01.605705700Z</date>
  <millis>1573384381605</millis>
  <nanos>705700</nanos>
  <sequence>115</sequence>
  <logger>global</logger>
  <level>INFO</level>
  <class>optix.util.Parser</class>
  <method>&lt;init&gt;</method>
  <thread>1</thread>
  <message>Parser initialization complete.</message>
</record>
<record>
  <date>2019-11-10T11:13:01.606705600Z</date>
  <millis>1573384381606</millis>
  <nanos>705600</nanos>
  <sequence>116</sequence>
  <logger>global</logger>
  <level>INFO</level>
  <class>optix.util.Parser</class>
  <method>resetPreferences</method>
  <thread>1</thread>
  <message>Saving preferences</message>
</record>
<record>
  <date>2019-11-10T11:13:01.606705600Z</date>
  <millis>1573384381606</millis>
  <nanos>705600</nanos>
  <sequence>117</sequence>
  <logger>global</logger>
  <level>INFO</level>
  <class>optix.util.Parser</class>
  <method>resetPreferences</method>
  <thread>1</thread>
  <message>preferences saved</message>
</record>
<record>
  <date>2019-11-10T11:13:01.617698200Z</date>
  <millis>1573384381617</millis>
  <nanos>698200</nanos>
  <sequence>118</sequence>
  <logger>global</logger>
  <level>INFO</level>
  <class>optix.util.Parser</class>
  <method>parse</method>
  <thread>1</thread>
  <message>Parsing string: add poto|25|25/12/2020</message>
</record>
<record>
  <date>2019-11-10T11:13:01.631690900Z</date>
  <millis>1573384381631</millis>
  <nanos>690900</nanos>
  <sequence>120</sequence>
  <logger>global</logger>
  <level>INFO</level>
  <class>optix.util.Parser</class>
  <method>&lt;init&gt;</method>
  <thread>1</thread>
  <message>Parser initialization begin</message>
</record>
<record>
  <date>2019-11-10T11:13:01.632690Z</date>
  <millis>1573384381632</millis>
  <nanos>690000</nanos>
  <sequence>121</sequence>
  <logger>global</logger>
  <level>INFO</level>
  <class>optix.util.Parser</class>
  <method>&lt;init&gt;</method>
  <thread>1</thread>
  <message>Parser initialization complete.</message>
</record>
<record>
  <date>2019-11-10T11:13:01.632690Z</date>
  <millis>1573384381632</millis>
  <nanos>690000</nanos>
  <sequence>122</sequence>
  <logger>global</logger>
  <level>INFO</level>
  <class>optix.util.Parser</class>
  <method>resetPreferences</method>
  <thread>1</thread>
  <message>Saving preferences</message>
</record>
<record>
  <date>2019-11-10T11:13:01.633689800Z</date>
  <millis>1573384381633</millis>
  <nanos>689800</nanos>
  <sequence>123</sequence>
  <logger>global</logger>
  <level>INFO</level>
  <class>optix.util.Parser</class>
  <method>resetPreferences</method>
  <thread>1</thread>
  <message>preferences saved</message>
</record>
<record>
  <date>2019-11-10T11:13:01.634689800Z</date>
  <millis>1573384381634</millis>
  <nanos>689800</nanos>
  <sequence>124</sequence>
  <logger>global</logger>
  <level>INFO</level>
  <class>optix.util.Parser</class>
  <method>parse</method>
  <thread>1</thread>
  <message>Parsing string: bye</message>
</record>
</log>
<?xml version="1.0" encoding="UTF-8" standalone="no"?>
<!DOCTYPE log SYSTEM "logger.dtd">
<log>
<record>
  <date>2019-11-10T11:13:01.665671200Z</date>
  <millis>1573384381665</millis>
  <nanos>671200</nanos>
  <sequence>127</sequence>
  <logger>global</logger>
  <level>INFO</level>
  <class>optix.util.Parser</class>
  <method>&lt;init&gt;</method>
  <thread>1</thread>
  <message>Parser initialization begin</message>
</record>
<record>
  <date>2019-11-10T11:13:01.666672100Z</date>
  <millis>1573384381666</millis>
  <nanos>672100</nanos>
  <sequence>128</sequence>
  <logger>global</logger>
  <level>INFO</level>
  <class>optix.util.Parser</class>
  <method>&lt;init&gt;</method>
  <thread>1</thread>
  <message>Parser initialization complete.</message>
</record>
<record>
  <date>2019-11-10T11:13:01.666672100Z</date>
  <millis>1573384381666</millis>
  <nanos>672100</nanos>
  <sequence>129</sequence>
  <logger>global</logger>
  <level>INFO</level>
  <class>optix.util.Parser</class>
  <method>resetPreferences</method>
  <thread>1</thread>
  <message>Saving preferences</message>
</record>
<record>
  <date>2019-11-10T11:13:01.667670700Z</date>
  <millis>1573384381667</millis>
  <nanos>670700</nanos>
  <sequence>130</sequence>
  <logger>global</logger>
  <level>INFO</level>
  <class>optix.util.Parser</class>
  <method>resetPreferences</method>
  <thread>1</thread>
  <message>preferences saved</message>
</record>
<record>
  <date>2019-11-10T11:13:01.667670700Z</date>
  <millis>1573384381667</millis>
  <nanos>670700</nanos>
  <sequence>131</sequence>
  <logger>global</logger>
  <level>INFO</level>
  <class>optix.util.Parser</class>
  <method>addAlias</method>
  <thread>1</thread>
  <message>adding new alias</message>
</record>
<record>
  <date>2019-11-10T11:13:01.668670300Z</date>
  <millis>1573384381668</millis>
  <nanos>670300</nanos>
  <sequence>132</sequence>
  <logger>global</logger>
  <level>INFO</level>
  <class>optix.util.Parser</class>
  <method>addAlias</method>
  <thread>1</thread>
  <message>add alias successful</message>
</record>
<record>
  <date>2019-11-10T11:13:01.677673800Z</date>
  <millis>1573384381677</millis>
  <nanos>673800</nanos>
  <sequence>134</sequence>
  <logger>global</logger>
  <level>INFO</level>
  <class>optix.util.Parser</class>
  <method>&lt;init&gt;</method>
  <thread>1</thread>
  <message>Parser initialization begin</message>
</record>
<record>
  <date>2019-11-10T11:13:01.677673800Z</date>
  <millis>1573384381677</millis>
  <nanos>673800</nanos>
  <sequence>135</sequence>
  <logger>global</logger>
  <level>INFO</level>
  <class>optix.util.Parser</class>
  <method>&lt;init&gt;</method>
  <thread>1</thread>
  <message>Parser initialization complete.</message>
</record>
<record>
  <date>2019-11-10T11:13:01.678663900Z</date>
  <millis>1573384381678</millis>
  <nanos>663900</nanos>
  <sequence>136</sequence>
  <logger>global</logger>
  <level>INFO</level>
  <class>optix.util.Parser</class>
  <method>resetPreferences</method>
  <thread>1</thread>
  <message>Saving preferences</message>
</record>
<record>
  <date>2019-11-10T11:13:01.678663900Z</date>
  <millis>1573384381678</millis>
  <nanos>663900</nanos>
  <sequence>137</sequence>
  <logger>global</logger>
  <level>INFO</level>
  <class>optix.util.Parser</class>
  <method>resetPreferences</method>
  <thread>1</thread>
  <message>preferences saved</message>
</record>
<record>
  <date>2019-11-10T11:13:01.678663900Z</date>
  <millis>1573384381678</millis>
  <nanos>663900</nanos>
  <sequence>138</sequence>
  <logger>global</logger>
  <level>INFO</level>
  <class>optix.util.Parser</class>
  <method>parse</method>
  <thread>1</thread>
  <message>Parsing string: finance</message>
</record>
</log>
<?xml version="1.0" encoding="UTF-8" standalone="no"?>
<!DOCTYPE log SYSTEM "logger.dtd">
<log>
<record>
  <date>2019-11-10T11:13:01.688658300Z</date>
  <millis>1573384381688</millis>
  <nanos>658300</nanos>
  <sequence>141</sequence>
  <logger>global</logger>
  <level>INFO</level>
  <class>optix.util.Parser</class>
  <method>&lt;init&gt;</method>
  <thread>1</thread>
  <message>Parser initialization begin</message>
</record>
<record>
  <date>2019-11-10T11:13:01.689657300Z</date>
  <millis>1573384381689</millis>
  <nanos>657300</nanos>
  <sequence>142</sequence>
  <logger>global</logger>
  <level>INFO</level>
  <class>optix.util.Parser</class>
  <method>&lt;init&gt;</method>
  <thread>1</thread>
  <message>Parser initialization complete.</message>
</record>
<record>
  <date>2019-11-10T11:13:01.689657300Z</date>
  <millis>1573384381689</millis>
  <nanos>657300</nanos>
  <sequence>143</sequence>
  <logger>global</logger>
  <level>INFO</level>
  <class>optix.util.Parser</class>
  <method>resetPreferences</method>
  <thread>1</thread>
  <message>Saving preferences</message>
</record>
<record>
  <date>2019-11-10T11:13:01.689657300Z</date>
  <millis>1573384381689</millis>
  <nanos>657300</nanos>
  <sequence>144</sequence>
  <logger>global</logger>
  <level>INFO</level>
  <class>optix.util.Parser</class>
  <method>resetPreferences</method>
  <thread>1</thread>
  <message>preferences saved</message>
</record>
<record>
  <date>2019-11-10T11:13:01.689657300Z</date>
  <millis>1573384381689</millis>
  <nanos>657300</nanos>
  <sequence>145</sequence>
  <logger>global</logger>
  <level>INFO</level>
  <class>optix.util.Parser</class>
  <method>addAlias</method>
  <thread>1</thread>
  <message>adding new alias</message>
</record>
<record>
  <date>2019-11-10T11:13:01.689657300Z</date>
  <millis>1573384381689</millis>
  <nanos>657300</nanos>
  <sequence>146</sequence>
  <logger>global</logger>
  <level>INFO</level>
  <class>optix.util.Parser</class>
  <method>addAlias</method>
  <thread>1</thread>
  <message>add alias successful</message>
</record>
<record>
  <date>2019-11-10T11:13:01.697652300Z</date>
  <millis>1573384381697</millis>
  <nanos>652300</nanos>
  <sequence>148</sequence>
  <logger>global</logger>
  <level>INFO</level>
  <class>optix.util.Parser</class>
  <method>&lt;init&gt;</method>
  <thread>1</thread>
  <message>Parser initialization begin</message>
</record>
<record>
  <date>2019-11-10T11:13:01.698653Z</date>
  <millis>1573384381698</millis>
  <nanos>653000</nanos>
  <sequence>149</sequence>
  <logger>global</logger>
  <level>INFO</level>
  <class>optix.util.Parser</class>
  <method>&lt;init&gt;</method>
  <thread>1</thread>
  <message>Parser initialization complete.</message>
</record>
<record>
  <date>2019-11-10T11:13:01.698653Z</date>
  <millis>1573384381698</millis>
  <nanos>653000</nanos>
  <sequence>150</sequence>
  <logger>global</logger>
  <level>INFO</level>
  <class>optix.util.Parser</class>
  <method>resetPreferences</method>
  <thread>1</thread>
  <message>Saving preferences</message>
</record>
<record>
  <date>2019-11-10T11:13:01.698653Z</date>
  <millis>1573384381698</millis>
  <nanos>653000</nanos>
  <sequence>151</sequence>
  <logger>global</logger>
  <level>INFO</level>
  <class>optix.util.Parser</class>
  <method>resetPreferences</method>
  <thread>1</thread>
  <message>preferences saved</message>
</record>
<record>
  <date>2019-11-10T11:13:01.698653Z</date>
  <millis>1573384381698</millis>
  <nanos>653000</nanos>
  <sequence>152</sequence>
  <logger>global</logger>
  <level>INFO</level>
  <class>optix.util.Parser</class>
  <method>addAlias</method>
  <thread>1</thread>
  <message>adding new alias</message>
</record>
<record>
  <date>2019-11-10T11:13:01.699652Z</date>
  <millis>1573384381699</millis>
  <nanos>652000</nanos>
  <sequence>153</sequence>
  <logger>global</logger>
  <level>INFO</level>
  <class>optix.util.Parser</class>
  <method>addAlias</method>
  <thread>1</thread>
  <message>add alias successful</message>
</record>
<record>
  <date>2019-11-10T11:13:01.702650600Z</date>
  <millis>1573384381702</millis>
  <nanos>650600</nanos>
  <sequence>155</sequence>
  <logger>global</logger>
  <level>INFO</level>
  <class>optix.util.Parser</class>
  <method>&lt;init&gt;</method>
  <thread>1</thread>
  <message>Parser initialization begin</message>
</record>
<record>
  <date>2019-11-10T11:13:01.703649400Z</date>
  <millis>1573384381703</millis>
  <nanos>649400</nanos>
  <sequence>156</sequence>
  <logger>global</logger>
  <level>INFO</level>
  <class>optix.util.Parser</class>
  <method>&lt;init&gt;</method>
  <thread>1</thread>
  <message>Parser initialization complete.</message>
</record>
<record>
  <date>2019-11-10T11:13:01.703649400Z</date>
  <millis>1573384381703</millis>
  <nanos>649400</nanos>
  <sequence>157</sequence>
  <logger>global</logger>
  <level>INFO</level>
  <class>optix.util.Parser</class>
  <method>resetPreferences</method>
  <thread>1</thread>
  <message>Saving preferences</message>
</record>
<record>
  <date>2019-11-10T11:13:01.703649400Z</date>
  <millis>1573384381703</millis>
  <nanos>649400</nanos>
  <sequence>158</sequence>
  <logger>global</logger>
  <level>INFO</level>
  <class>optix.util.Parser</class>
  <method>resetPreferences</method>
  <thread>1</thread>
  <message>preferences saved</message>
</record>
<record>
  <date>2019-11-10T11:13:01.704649500Z</date>
  <millis>1573384381704</millis>
  <nanos>649500</nanos>
  <sequence>159</sequence>
  <logger>global</logger>
  <level>INFO</level>
  <class>optix.util.Parser</class>
  <method>addAlias</method>
  <thread>1</thread>
  <message>adding new alias</message>
</record>
<record>
  <date>2019-11-10T11:13:01.704649500Z</date>
  <millis>1573384381704</millis>
  <nanos>649500</nanos>
  <sequence>160</sequence>
  <logger>global</logger>
  <level>INFO</level>
  <class>optix.util.Parser</class>
  <method>addAlias</method>
  <thread>1</thread>
  <message>add alias successful</message>
</record>
<record>
  <date>2019-11-10T11:13:01.709646700Z</date>
  <millis>1573384381709</millis>
  <nanos>646700</nanos>
  <sequence>162</sequence>
  <logger>global</logger>
  <level>INFO</level>
  <class>optix.util.Parser</class>
  <method>&lt;init&gt;</method>
  <thread>1</thread>
  <message>Parser initialization begin</message>
</record>
<record>
  <date>2019-11-10T11:13:01.711650500Z</date>
  <millis>1573384381711</millis>
  <nanos>650500</nanos>
  <sequence>163</sequence>
  <logger>global</logger>
  <level>INFO</level>
  <class>optix.util.Parser</class>
  <method>&lt;init&gt;</method>
  <thread>1</thread>
  <message>Parser initialization complete.</message>
</record>
<record>
  <date>2019-11-10T11:13:01.711650500Z</date>
  <millis>1573384381711</millis>
  <nanos>650500</nanos>
  <sequence>164</sequence>
  <logger>global</logger>
  <level>INFO</level>
  <class>optix.util.Parser</class>
  <method>resetPreferences</method>
  <thread>1</thread>
  <message>Saving preferences</message>
</record>
<record>
  <date>2019-11-10T11:13:01.711650500Z</date>
  <millis>1573384381711</millis>
  <nanos>650500</nanos>
  <sequence>165</sequence>
  <logger>global</logger>
  <level>INFO</level>
  <class>optix.util.Parser</class>
  <method>resetPreferences</method>
  <thread>1</thread>
  <message>preferences saved</message>
</record>
<record>
  <date>2019-11-10T11:13:01.711650500Z</date>
  <millis>1573384381711</millis>
  <nanos>650500</nanos>
  <sequence>166</sequence>
  <logger>global</logger>
  <level>INFO</level>
  <class>optix.util.Parser</class>
  <method>parse</method>
  <thread>1</thread>
  <message>Parsing string: edit testShow|testDate|newShowName</message>
</record>
<record>
  <date>2019-11-10T11:13:01.716643Z</date>
  <millis>1573384381716</millis>
  <nanos>643000</nanos>
  <sequence>168</sequence>
  <logger>global</logger>
  <level>INFO</level>
  <class>optix.util.Parser</class>
  <method>&lt;init&gt;</method>
  <thread>1</thread>
  <message>Parser initialization begin</message>
</record>
<record>
  <date>2019-11-10T11:13:01.716643Z</date>
  <millis>1573384381716</millis>
  <nanos>643000</nanos>
  <sequence>169</sequence>
  <logger>global</logger>
  <level>INFO</level>
  <class>optix.util.Parser</class>
  <method>&lt;init&gt;</method>
  <thread>1</thread>
  <message>Parser initialization complete.</message>
</record>
<record>
  <date>2019-11-10T11:13:01.716643Z</date>
  <millis>1573384381716</millis>
  <nanos>643000</nanos>
  <sequence>170</sequence>
  <logger>global</logger>
  <level>INFO</level>
  <class>optix.util.Parser</class>
  <method>resetPreferences</method>
  <thread>1</thread>
  <message>Saving preferences</message>
</record>
<record>
  <date>2019-11-10T11:13:01.717643Z</date>
  <millis>1573384381717</millis>
  <nanos>643000</nanos>
  <sequence>171</sequence>
  <logger>global</logger>
  <level>INFO</level>
  <class>optix.util.Parser</class>
  <method>resetPreferences</method>
  <thread>1</thread>
  <message>preferences saved</message>
</record>
<record>
  <date>2019-11-10T11:13:01.717643Z</date>
  <millis>1573384381717</millis>
  <nanos>643000</nanos>
  <sequence>172</sequence>
  <logger>global</logger>
  <level>INFO</level>
  <class>optix.util.Parser</class>
  <method>parse</method>
  <thread>1</thread>
  <message>Parsing string: help</message>
</record>
</log>
<?xml version="1.0" encoding="UTF-8" standalone="no"?>
<!DOCTYPE log SYSTEM "logger.dtd">
<log>
<record>
  <date>2019-11-10T11:13:01.735632400Z</date>
  <millis>1573384381735</millis>
  <nanos>632400</nanos>
  <sequence>175</sequence>
  <logger>global</logger>
  <level>INFO</level>
  <class>optix.util.Parser</class>
  <method>&lt;init&gt;</method>
  <thread>1</thread>
  <message>Parser initialization begin</message>
</record>
<record>
  <date>2019-11-10T11:13:01.735632400Z</date>
  <millis>1573384381735</millis>
  <nanos>632400</nanos>
  <sequence>176</sequence>
  <logger>global</logger>
  <level>INFO</level>
  <class>optix.util.Parser</class>
  <method>&lt;init&gt;</method>
  <thread>1</thread>
  <message>Parser initialization complete.</message>
</record>
<record>
  <date>2019-11-10T11:13:01.735632400Z</date>
  <millis>1573384381735</millis>
  <nanos>632400</nanos>
  <sequence>177</sequence>
  <logger>global</logger>
  <level>INFO</level>
  <class>optix.util.Parser</class>
  <method>resetPreferences</method>
  <thread>1</thread>
  <message>Saving preferences</message>
</record>
<record>
  <date>2019-11-10T11:13:01.736632400Z</date>
  <millis>1573384381736</millis>
  <nanos>632400</nanos>
  <sequence>178</sequence>
  <logger>global</logger>
  <level>INFO</level>
  <class>optix.util.Parser</class>
  <method>resetPreferences</method>
  <thread>1</thread>
  <message>preferences saved</message>
</record>
<record>
  <date>2019-11-10T11:13:01.736632400Z</date>
  <millis>1573384381736</millis>
  <nanos>632400</nanos>
  <sequence>179</sequence>
  <logger>global</logger>
  <level>INFO</level>
  <class>optix.util.Parser</class>
  <method>parse</method>
  <thread>1</thread>
  <message>Parsing string: list</message>
</record>
<record>
  <date>2019-11-10T11:13:01.741629100Z</date>
  <millis>1573384381741</millis>
  <nanos>629100</nanos>
  <sequence>181</sequence>
  <logger>global</logger>
  <level>INFO</level>
  <class>optix.util.Parser</class>
  <method>&lt;init&gt;</method>
  <thread>1</thread>
  <message>Parser initialization begin</message>
</record>
<record>
  <date>2019-11-10T11:13:01.741629100Z</date>
  <millis>1573384381741</millis>
  <nanos>629100</nanos>
  <sequence>182</sequence>
  <logger>global</logger>
  <level>INFO</level>
  <class>optix.util.Parser</class>
  <method>&lt;init&gt;</method>
  <thread>1</thread>
  <message>Parser initialization complete.</message>
</record>
<record>
  <date>2019-11-10T11:13:01.741629100Z</date>
  <millis>1573384381741</millis>
  <nanos>629100</nanos>
  <sequence>183</sequence>
  <logger>global</logger>
  <level>INFO</level>
  <class>optix.util.Parser</class>
  <method>resetPreferences</method>
  <thread>1</thread>
  <message>Saving preferences</message>
</record>
<record>
  <date>2019-11-10T11:13:01.742628200Z</date>
  <millis>1573384381742</millis>
  <nanos>628200</nanos>
  <sequence>184</sequence>
  <logger>global</logger>
  <level>INFO</level>
  <class>optix.util.Parser</class>
  <method>resetPreferences</method>
  <thread>1</thread>
  <message>preferences saved</message>
</record>
<record>
  <date>2019-11-10T11:13:01.742628200Z</date>
  <millis>1573384381742</millis>
  <nanos>628200</nanos>
  <sequence>185</sequence>
  <logger>global</logger>
  <level>INFO</level>
  <class>optix.util.Parser</class>
  <method>parse</method>
  <thread>1</thread>
  <message>Parsing string: show</message>
</record>
</log>
<?xml version="1.0" encoding="UTF-8" standalone="no"?>
<!DOCTYPE log SYSTEM "logger.dtd">
<log>
<record>
  <date>2019-11-10T11:13:01.754620900Z</date>
  <millis>1573384381754</millis>
  <nanos>620900</nanos>
  <sequence>188</sequence>
  <logger>global</logger>
  <level>INFO</level>
  <class>optix.util.Parser</class>
  <method>&lt;init&gt;</method>
  <thread>1</thread>
  <message>Parser initialization begin</message>
</record>
<record>
  <date>2019-11-10T11:13:01.755619800Z</date>
  <millis>1573384381755</millis>
  <nanos>619800</nanos>
  <sequence>189</sequence>
  <logger>global</logger>
  <level>INFO</level>
  <class>optix.util.Parser</class>
  <method>&lt;init&gt;</method>
  <thread>1</thread>
  <message>Parser initialization complete.</message>
</record>
<record>
  <date>2019-11-10T11:13:01.755619800Z</date>
  <millis>1573384381755</millis>
  <nanos>619800</nanos>
  <sequence>190</sequence>
  <logger>global</logger>
  <level>INFO</level>
  <class>optix.util.Parser</class>
  <method>resetPreferences</method>
  <thread>1</thread>
  <message>Saving preferences</message>
</record>
<record>
  <date>2019-11-10T11:13:01.756618400Z</date>
  <millis>1573384381756</millis>
  <nanos>618400</nanos>
  <sequence>191</sequence>
  <logger>global</logger>
  <level>INFO</level>
  <class>optix.util.Parser</class>
  <method>resetPreferences</method>
  <thread>1</thread>
  <message>preferences saved</message>
</record>
<record>
  <date>2019-11-10T11:13:01.756618400Z</date>
  <millis>1573384381756</millis>
  <nanos>618400</nanos>
  <sequence>192</sequence>
  <logger>global</logger>
  <level>INFO</level>
  <class>optix.util.Parser</class>
  <method>parse</method>
  <thread>1</thread>
  <message>Parsing string: archive</message>
</record>
</log>
<?xml version="1.0" encoding="UTF-8" standalone="no"?>
<!DOCTYPE log SYSTEM "logger.dtd">
<log>
<record>
  <date>2019-11-10T11:13:01.767613700Z</date>
  <millis>1573384381767</millis>
  <nanos>613700</nanos>
  <sequence>195</sequence>
  <logger>global</logger>
  <level>INFO</level>
  <class>optix.util.Parser</class>
  <method>&lt;init&gt;</method>
  <thread>1</thread>
  <message>Parser initialization begin</message>
</record>
<record>
  <date>2019-11-10T11:13:01.767613700Z</date>
  <millis>1573384381767</millis>
  <nanos>613700</nanos>
  <sequence>196</sequence>
  <logger>global</logger>
  <level>INFO</level>
  <class>optix.util.Parser</class>
  <method>&lt;init&gt;</method>
  <thread>1</thread>
  <message>Parser initialization complete.</message>
</record>
<record>
  <date>2019-11-10T11:13:01.768613Z</date>
  <millis>1573384381768</millis>
  <nanos>613000</nanos>
  <sequence>197</sequence>
  <logger>global</logger>
  <level>INFO</level>
  <class>optix.util.Parser</class>
  <method>resetPreferences</method>
  <thread>1</thread>
  <message>Saving preferences</message>
</record>
<record>
  <date>2019-11-10T11:13:01.768613Z</date>
  <millis>1573384381768</millis>
  <nanos>613000</nanos>
  <sequence>198</sequence>
  <logger>global</logger>
  <level>INFO</level>
  <class>optix.util.Parser</class>
  <method>resetPreferences</method>
  <thread>1</thread>
  <message>preferences saved</message>
</record>
<record>
  <date>2019-11-10T11:13:01.768613Z</date>
  <millis>1573384381768</millis>
  <nanos>613000</nanos>
  <sequence>199</sequence>
  <logger>global</logger>
  <level>INFO</level>
  <class>optix.util.Parser</class>
  <method>addAlias</method>
  <thread>1</thread>
  <message>adding new alias</message>
</record>
<record>
  <date>2019-11-10T11:13:01.769612300Z</date>
  <millis>1573384381769</millis>
  <nanos>612300</nanos>
  <sequence>200</sequence>
  <logger>global</logger>
  <level>INFO</level>
  <class>optix.util.Parser</class>
  <method>addAlias</method>
  <thread>1</thread>
  <message>add alias successful</message>
</record>
<record>
  <date>2019-11-10T11:13:01.774609200Z</date>
  <millis>1573384381774</millis>
  <nanos>609200</nanos>
  <sequence>202</sequence>
  <logger>global</logger>
  <level>INFO</level>
  <class>optix.util.Parser</class>
  <method>&lt;init&gt;</method>
  <thread>1</thread>
  <message>Parser initialization begin</message>
</record>
<record>
  <date>2019-11-10T11:13:01.775608200Z</date>
  <millis>1573384381775</millis>
  <nanos>608200</nanos>
  <sequence>203</sequence>
  <logger>global</logger>
  <level>INFO</level>
  <class>optix.util.Parser</class>
  <method>&lt;init&gt;</method>
  <thread>1</thread>
  <message>Parser initialization complete.</message>
</record>
<record>
  <date>2019-11-10T11:13:01.776607900Z</date>
  <millis>1573384381776</millis>
  <nanos>607900</nanos>
  <sequence>204</sequence>
  <logger>global</logger>
  <level>INFO</level>
  <class>optix.util.Parser</class>
  <method>resetPreferences</method>
  <thread>1</thread>
  <message>Saving preferences</message>
</record>
<record>
  <date>2019-11-10T11:13:01.777607200Z</date>
  <millis>1573384381777</millis>
  <nanos>607200</nanos>
  <sequence>205</sequence>
  <logger>global</logger>
  <level>INFO</level>
  <class>optix.util.Parser</class>
  <method>resetPreferences</method>
  <thread>1</thread>
  <message>preferences saved</message>
</record>
<record>
  <date>2019-11-10T11:13:01.777607200Z</date>
  <millis>1573384381777</millis>
  <nanos>607200</nanos>
  <sequence>206</sequence>
  <logger>global</logger>
  <level>INFO</level>
  <class>optix.util.Parser</class>
  <method>addAlias</method>
  <thread>1</thread>
  <message>adding new alias</message>
</record>
<record>
  <date>2019-11-10T11:13:01.778607300Z</date>
  <millis>1573384381778</millis>
  <nanos>607300</nanos>
  <sequence>207</sequence>
  <logger>global</logger>
  <level>INFO</level>
  <class>optix.util.Parser</class>
  <method>addAlias</method>
  <thread>1</thread>
  <message>add alias successful</message>
</record>
<record>
  <date>2019-11-10T11:13:01.783603600Z</date>
  <millis>1573384381783</millis>
  <nanos>603600</nanos>
  <sequence>209</sequence>
  <logger>global</logger>
  <level>INFO</level>
  <class>optix.util.Parser</class>
  <method>&lt;init&gt;</method>
  <thread>1</thread>
  <message>Parser initialization begin</message>
</record>
<record>
  <date>2019-11-10T11:13:01.783603600Z</date>
  <millis>1573384381783</millis>
  <nanos>603600</nanos>
  <sequence>210</sequence>
  <logger>global</logger>
  <level>INFO</level>
  <class>optix.util.Parser</class>
  <method>&lt;init&gt;</method>
  <thread>1</thread>
  <message>Parser initialization complete.</message>
</record>
<record>
  <date>2019-11-10T11:13:01.783603600Z</date>
  <millis>1573384381783</millis>
  <nanos>603600</nanos>
  <sequence>211</sequence>
  <logger>global</logger>
  <level>INFO</level>
  <class>optix.util.Parser</class>
  <method>resetPreferences</method>
  <thread>1</thread>
  <message>Saving preferences</message>
</record>
<record>
  <date>2019-11-10T11:13:01.784604500Z</date>
  <millis>1573384381784</millis>
  <nanos>604500</nanos>
  <sequence>212</sequence>
  <logger>global</logger>
  <level>INFO</level>
  <class>optix.util.Parser</class>
  <method>resetPreferences</method>
  <thread>1</thread>
  <message>preferences saved</message>
</record>
<record>
  <date>2019-11-10T11:13:01.784604500Z</date>
  <millis>1573384381784</millis>
  <nanos>604500</nanos>
  <sequence>213</sequence>
  <logger>global</logger>
  <level>INFO</level>
  <class>optix.util.Parser</class>
  <method>parse</method>
  <thread>1</thread>
  <message>Parsing string: add-alias VV</message>
</record>
</log>
<?xml version="1.0" encoding="UTF-8" standalone="no"?>
<!DOCTYPE log SYSTEM "logger.dtd">
<log>
<record>
  <date>2019-11-10T11:13:01.803593200Z</date>
  <millis>1573384381803</millis>
  <nanos>593200</nanos>
  <sequence>216</sequence>
  <logger>global</logger>
  <level>INFO</level>
  <class>optix.util.Parser</class>
  <method>&lt;init&gt;</method>
  <thread>1</thread>
  <message>Parser initialization begin</message>
</record>
<record>
  <date>2019-11-10T11:13:01.803593200Z</date>
  <millis>1573384381803</millis>
  <nanos>593200</nanos>
  <sequence>217</sequence>
  <logger>global</logger>
  <level>INFO</level>
  <class>optix.util.Parser</class>
  <method>&lt;init&gt;</method>
  <thread>1</thread>
  <message>Parser initialization complete.</message>
</record>
<record>
  <date>2019-11-10T11:13:01.803593200Z</date>
  <millis>1573384381803</millis>
  <nanos>593200</nanos>
  <sequence>218</sequence>
  <logger>global</logger>
  <level>INFO</level>
  <class>optix.util.Parser</class>
  <method>resetPreferences</method>
  <thread>1</thread>
  <message>Saving preferences</message>
</record>
<record>
  <date>2019-11-10T11:13:01.803593200Z</date>
  <millis>1573384381803</millis>
  <nanos>593200</nanos>
  <sequence>219</sequence>
  <logger>global</logger>
  <level>INFO</level>
  <class>optix.util.Parser</class>
  <method>resetPreferences</method>
  <thread>1</thread>
  <message>preferences saved</message>
</record>
<record>
  <date>2019-11-10T11:13:01.804591900Z</date>
  <millis>1573384381804</millis>
  <nanos>591900</nanos>
  <sequence>220</sequence>
  <logger>global</logger>
  <level>INFO</level>
  <class>optix.util.Parser</class>
  <method>addAlias</method>
  <thread>1</thread>
  <message>adding new alias</message>
</record>
<record>
  <date>2019-11-10T11:13:01.804591900Z</date>
  <millis>1573384381804</millis>
  <nanos>591900</nanos>
  <sequence>221</sequence>
  <logger>global</logger>
  <level>INFO</level>
  <class>optix.util.Parser</class>
  <method>addAlias</method>
  <thread>1</thread>
  <message>add alias successful</message>
</record>
<record>
  <date>2019-11-10T11:13:01.811588300Z</date>
  <millis>1573384381811</millis>
  <nanos>588300</nanos>
  <sequence>223</sequence>
  <logger>global</logger>
  <level>INFO</level>
  <class>optix.util.Parser</class>
  <method>&lt;init&gt;</method>
  <thread>1</thread>
  <message>Parser initialization begin</message>
</record>
<record>
  <date>2019-11-10T11:13:01.811588300Z</date>
  <millis>1573384381811</millis>
  <nanos>588300</nanos>
  <sequence>224</sequence>
  <logger>global</logger>
  <level>INFO</level>
  <class>optix.util.Parser</class>
  <method>&lt;init&gt;</method>
  <thread>1</thread>
  <message>Parser initialization complete.</message>
</record>
<record>
  <date>2019-11-10T11:13:01.811588300Z</date>
  <millis>1573384381811</millis>
  <nanos>588300</nanos>
  <sequence>225</sequence>
  <logger>global</logger>
  <level>INFO</level>
  <class>optix.util.Parser</class>
  <method>resetPreferences</method>
  <thread>1</thread>
  <message>Saving preferences</message>
</record>
<record>
  <date>2019-11-10T11:13:01.812587300Z</date>
  <millis>1573384381812</millis>
  <nanos>587300</nanos>
  <sequence>226</sequence>
  <logger>global</logger>
  <level>INFO</level>
  <class>optix.util.Parser</class>
  <method>resetPreferences</method>
  <thread>1</thread>
  <message>preferences saved</message>
</record>
<record>
  <date>2019-11-10T11:13:01.812587300Z</date>
  <millis>1573384381812</millis>
  <nanos>587300</nanos>
  <sequence>227</sequence>
  <logger>global</logger>
  <level>INFO</level>
  <class>optix.util.Parser</class>
  <method>parse</method>
  <thread>1</thread>
  <message>Parsing string: list-alias</message>
</record>
</log>
<?xml version="1.0" encoding="UTF-8" standalone="no"?>
<!DOCTYPE log SYSTEM "logger.dtd">
<log>
<record>
  <date>2019-11-10T11:13:01.827580800Z</date>
  <millis>1573384381827</millis>
  <nanos>580800</nanos>
  <sequence>230</sequence>
  <logger>global</logger>
  <level>INFO</level>
  <class>optix.util.Parser</class>
  <method>&lt;init&gt;</method>
  <thread>1</thread>
  <message>Parser initialization begin</message>
</record>
<record>
  <date>2019-11-10T11:13:01.827580800Z</date>
  <millis>1573384381827</millis>
  <nanos>580800</nanos>
  <sequence>231</sequence>
  <logger>global</logger>
  <level>INFO</level>
  <class>optix.util.Parser</class>
  <method>&lt;init&gt;</method>
  <thread>1</thread>
  <message>Parser initialization complete.</message>
</record>
<record>
  <date>2019-11-10T11:13:01.827580800Z</date>
  <millis>1573384381827</millis>
  <nanos>580800</nanos>
  <sequence>232</sequence>
  <logger>global</logger>
  <level>INFO</level>
  <class>optix.util.Parser</class>
  <method>resetPreferences</method>
  <thread>1</thread>
  <message>Saving preferences</message>
</record>
<record>
  <date>2019-11-10T11:13:01.827580800Z</date>
  <millis>1573384381827</millis>
  <nanos>580800</nanos>
  <sequence>233</sequence>
  <logger>global</logger>
  <level>INFO</level>
  <class>optix.util.Parser</class>
  <method>resetPreferences</method>
  <thread>1</thread>
  <message>preferences saved</message>
</record>
<record>
  <date>2019-11-10T11:13:01.828578100Z</date>
  <millis>1573384381828</millis>
  <nanos>578100</nanos>
  <sequence>234</sequence>
  <logger>global</logger>
  <level>INFO</level>
  <class>optix.util.Parser</class>
  <method>parse</method>
  <thread>1</thread>
  <message>Parsing string: reschedule input</message>
</record>
<record>
  <date>2019-11-10T11:13:01.831577900Z</date>
  <millis>1573384381831</millis>
  <nanos>577900</nanos>
  <sequence>236</sequence>
  <logger>global</logger>
  <level>INFO</level>
  <class>optix.util.Parser</class>
  <method>&lt;init&gt;</method>
  <thread>1</thread>
  <message>Parser initialization begin</message>
</record>
<record>
  <date>2019-11-10T11:13:01.832576500Z</date>
  <millis>1573384381832</millis>
  <nanos>576500</nanos>
  <sequence>237</sequence>
  <logger>global</logger>
  <level>INFO</level>
  <class>optix.util.Parser</class>
  <method>&lt;init&gt;</method>
  <thread>1</thread>
  <message>Parser initialization complete.</message>
</record>
<record>
  <date>2019-11-10T11:13:01.832576500Z</date>
  <millis>1573384381832</millis>
  <nanos>576500</nanos>
  <sequence>238</sequence>
  <logger>global</logger>
  <level>INFO</level>
  <class>optix.util.Parser</class>
  <method>resetPreferences</method>
  <thread>1</thread>
  <message>Saving preferences</message>
</record>
<record>
  <date>2019-11-10T11:13:01.832576500Z</date>
  <millis>1573384381832</millis>
  <nanos>576500</nanos>
  <sequence>239</sequence>
  <logger>global</logger>
  <level>INFO</level>
  <class>optix.util.Parser</class>
  <method>resetPreferences</method>
  <thread>1</thread>
  <message>preferences saved</message>
</record>
<record>
  <date>2019-11-10T11:13:01.833577400Z</date>
  <millis>1573384381833</millis>
  <nanos>577400</nanos>
  <sequence>240</sequence>
  <logger>global</logger>
  <level>INFO</level>
  <class>optix.util.Parser</class>
  <method>parse</method>
  <thread>1</thread>
  <message>Parsing string: bye VV</message>
</record>
</log>
<?xml version="1.0" encoding="UTF-8" standalone="no"?>
<!DOCTYPE log SYSTEM "logger.dtd">
<log>
<record>
  <date>2019-11-10T11:13:01.844569200Z</date>
  <millis>1573384381844</millis>
  <nanos>569200</nanos>
  <sequence>243</sequence>
  <logger>global</logger>
  <level>INFO</level>
  <class>optix.util.Parser</class>
  <method>&lt;init&gt;</method>
  <thread>1</thread>
  <message>Parser initialization begin</message>
</record>
<record>
  <date>2019-11-10T11:13:01.845568900Z</date>
  <millis>1573384381845</millis>
  <nanos>568900</nanos>
  <sequence>244</sequence>
  <logger>global</logger>
  <level>INFO</level>
  <class>optix.util.Parser</class>
  <method>&lt;init&gt;</method>
  <thread>1</thread>
  <message>Parser initialization complete.</message>
</record>
<record>
  <date>2019-11-10T11:13:01.845568900Z</date>
  <millis>1573384381845</millis>
  <nanos>568900</nanos>
  <sequence>245</sequence>
  <logger>global</logger>
  <level>INFO</level>
  <class>optix.util.Parser</class>
  <method>resetPreferences</method>
  <thread>1</thread>
  <message>Saving preferences</message>
</record>
<record>
  <date>2019-11-10T11:13:01.845568900Z</date>
  <millis>1573384381845</millis>
  <nanos>568900</nanos>
  <sequence>246</sequence>
  <logger>global</logger>
  <level>INFO</level>
  <class>optix.util.Parser</class>
  <method>resetPreferences</method>
  <thread>1</thread>
  <message>preferences saved</message>
</record>
<record>
  <date>2019-11-10T11:13:01.846569100Z</date>
  <millis>1573384381846</millis>
  <nanos>569100</nanos>
  <sequence>247</sequence>
  <logger>global</logger>
  <level>INFO</level>
  <class>optix.util.Parser</class>
  <method>parse</method>
  <thread>1</thread>
  <message>Parsing string: invalidInput VV</message>
</record>
<record>
  <date>2019-11-10T11:13:01.846569100Z</date>
  <millis>1573384381846</millis>
  <nanos>569100</nanos>
  <sequence>248</sequence>
  <logger>global</logger>
  <level>WARNING</level>
  <class>optix.util.Parser</class>
  <method>parse</method>
  <thread>1</thread>
  <message>Error with command: invalidinput</message>
</record>
<record>
  <date>2019-11-10T11:13:01.850566600Z</date>
  <millis>1573384381850</millis>
  <nanos>566600</nanos>
  <sequence>250</sequence>
  <logger>global</logger>
  <level>INFO</level>
  <class>optix.util.Parser</class>
  <method>&lt;init&gt;</method>
  <thread>1</thread>
  <message>Parser initialization begin</message>
</record>
<record>
  <date>2019-11-10T11:13:01.850566600Z</date>
  <millis>1573384381850</millis>
  <nanos>566600</nanos>
  <sequence>251</sequence>
  <logger>global</logger>
  <level>INFO</level>
  <class>optix.util.Parser</class>
  <method>&lt;init&gt;</method>
  <thread>1</thread>
  <message>Parser initialization complete.</message>
</record>
<record>
  <date>2019-11-10T11:13:01.850566600Z</date>
  <millis>1573384381850</millis>
  <nanos>566600</nanos>
  <sequence>252</sequence>
  <logger>global</logger>
  <level>INFO</level>
  <class>optix.util.Parser</class>
  <method>resetPreferences</method>
  <thread>1</thread>
  <message>Saving preferences</message>
</record>
<record>
  <date>2019-11-10T11:13:01.850566600Z</date>
  <millis>1573384381850</millis>
  <nanos>566600</nanos>
  <sequence>253</sequence>
  <logger>global</logger>
  <level>INFO</level>
  <class>optix.util.Parser</class>
  <method>resetPreferences</method>
  <thread>1</thread>
  <message>preferences saved</message>
</record>
<record>
  <date>2019-11-10T11:13:01.851566500Z</date>
  <millis>1573384381851</millis>
  <nanos>566500</nanos>
  <sequence>254</sequence>
  <logger>global</logger>
  <level>INFO</level>
  <class>optix.util.Parser</class>
  <method>parse</method>
  <thread>1</thread>
  <message>Parsing string: view-monthly VV</message>
</record>
</log>
<?xml version="1.0" encoding="UTF-8" standalone="no"?>
<!DOCTYPE log SYSTEM "logger.dtd">
<log>
<record>
  <date>2019-11-10T11:13:01.863559600Z</date>
  <millis>1573384381863</millis>
  <nanos>559600</nanos>
  <sequence>257</sequence>
  <logger>global</logger>
  <level>INFO</level>
  <class>optix.util.Parser</class>
  <method>&lt;init&gt;</method>
  <thread>1</thread>
  <message>Parser initialization begin</message>
</record>
<record>
  <date>2019-11-10T11:13:01.863559600Z</date>
  <millis>1573384381863</millis>
  <nanos>559600</nanos>
  <sequence>258</sequence>
  <logger>global</logger>
  <level>INFO</level>
  <class>optix.util.Parser</class>
  <method>&lt;init&gt;</method>
  <thread>1</thread>
  <message>Parser initialization complete.</message>
</record>
<record>
  <date>2019-11-10T11:13:01.863559600Z</date>
  <millis>1573384381863</millis>
  <nanos>559600</nanos>
  <sequence>259</sequence>
  <logger>global</logger>
  <level>INFO</level>
  <class>optix.util.Parser</class>
  <method>resetPreferences</method>
  <thread>1</thread>
  <message>Saving preferences</message>
</record>
<record>
  <date>2019-11-10T11:13:01.863559600Z</date>
  <millis>1573384381863</millis>
  <nanos>559600</nanos>
  <sequence>260</sequence>
  <logger>global</logger>
  <level>INFO</level>
  <class>optix.util.Parser</class>
  <method>resetPreferences</method>
  <thread>1</thread>
  <message>preferences saved</message>
</record>
<record>
  <date>2019-11-10T11:13:01.864558200Z</date>
  <millis>1573384381864</millis>
  <nanos>558200</nanos>
  <sequence>261</sequence>
  <logger>global</logger>
  <level>INFO</level>
  <class>optix.util.Parser</class>
  <method>addAlias</method>
  <thread>1</thread>
  <message>adding new alias</message>
</record>
<record>
  <date>2019-11-10T11:13:01.864558200Z</date>
  <millis>1573384381864</millis>
  <nanos>558200</nanos>
  <sequence>262</sequence>
  <logger>global</logger>
  <level>INFO</level>
  <class>optix.util.Parser</class>
  <method>addAlias</method>
  <thread>1</thread>
  <message>add alias successful</message>
</record>
<record>
  <date>2019-11-10T11:13:01.868556Z</date>
  <millis>1573384381868</millis>
  <nanos>556000</nanos>
  <sequence>264</sequence>
  <logger>global</logger>
  <level>INFO</level>
  <class>optix.util.Parser</class>
  <method>&lt;init&gt;</method>
  <thread>1</thread>
  <message>Parser initialization begin</message>
</record>
<record>
  <date>2019-11-10T11:13:01.868556Z</date>
  <millis>1573384381868</millis>
  <nanos>556000</nanos>
  <sequence>265</sequence>
  <logger>global</logger>
  <level>INFO</level>
  <class>optix.util.Parser</class>
  <method>&lt;init&gt;</method>
  <thread>1</thread>
  <message>Parser initialization complete.</message>
</record>
<record>
  <date>2019-11-10T11:13:01.868556Z</date>
  <millis>1573384381868</millis>
  <nanos>556000</nanos>
  <sequence>266</sequence>
  <logger>global</logger>
  <level>INFO</level>
  <class>optix.util.Parser</class>
  <method>resetPreferences</method>
  <thread>1</thread>
  <message>Saving preferences</message>
</record>
<record>
  <date>2019-11-10T11:13:01.868556Z</date>
  <millis>1573384381868</millis>
  <nanos>556000</nanos>
  <sequence>267</sequence>
  <logger>global</logger>
  <level>INFO</level>
  <class>optix.util.Parser</class>
  <method>resetPreferences</method>
  <thread>1</thread>
  <message>preferences saved</message>
</record>
<record>
  <date>2019-11-10T11:13:01.868556Z</date>
  <millis>1573384381868</millis>
  <nanos>556000</nanos>
  <sequence>268</sequence>
  <logger>global</logger>
  <level>INFO</level>
  <class>optix.util.Parser</class>
  <method>addAlias</method>
  <thread>1</thread>
  <message>adding new alias</message>
</record>
<record>
  <date>2019-11-10T11:13:01.868556Z</date>
  <millis>1573384381868</millis>
  <nanos>556000</nanos>
  <sequence>269</sequence>
  <logger>global</logger>
  <level>INFO</level>
  <class>optix.util.Parser</class>
  <method>addAlias</method>
  <thread>1</thread>
  <message>add alias successful</message>
</record>
<record>
  <date>2019-11-10T11:13:01.872552800Z</date>
  <millis>1573384381872</millis>
  <nanos>552800</nanos>
  <sequence>271</sequence>
  <logger>global</logger>
  <level>INFO</level>
  <class>optix.util.Parser</class>
  <method>&lt;init&gt;</method>
  <thread>1</thread>
  <message>Parser initialization begin</message>
</record>
<record>
  <date>2019-11-10T11:13:01.873552600Z</date>
  <millis>1573384381873</millis>
  <nanos>552600</nanos>
  <sequence>272</sequence>
  <logger>global</logger>
  <level>INFO</level>
  <class>optix.util.Parser</class>
  <method>&lt;init&gt;</method>
  <thread>1</thread>
  <message>Parser initialization complete.</message>
</record>
<record>
  <date>2019-11-10T11:13:01.873552600Z</date>
  <millis>1573384381873</millis>
  <nanos>552600</nanos>
  <sequence>273</sequence>
  <logger>global</logger>
  <level>INFO</level>
  <class>optix.util.Parser</class>
  <method>resetPreferences</method>
  <thread>1</thread>
  <message>Saving preferences</message>
</record>
<record>
  <date>2019-11-10T11:13:01.873552600Z</date>
  <millis>1573384381873</millis>
  <nanos>552600</nanos>
  <sequence>274</sequence>
  <logger>global</logger>
  <level>INFO</level>
  <class>optix.util.Parser</class>
  <method>resetPreferences</method>
  <thread>1</thread>
  <message>preferences saved</message>
</record>
<record>
  <date>2019-11-10T11:13:01.873552600Z</date>
  <millis>1573384381873</millis>
  <nanos>552600</nanos>
  <sequence>275</sequence>
  <logger>global</logger>
  <level>INFO</level>
  <class>optix.util.Parser</class>
  <method>parse</method>
  <thread>1</thread>
  <message>Parsing string: delete VV</message>
</record>
<record>
  <date>2019-11-10T11:13:01.881549Z</date>
  <millis>1573384381881</millis>
  <nanos>549000</nanos>
  <sequence>277</sequence>
  <logger>global</logger>
  <level>INFO</level>
  <class>optix.util.Parser</class>
  <method>&lt;init&gt;</method>
  <thread>1</thread>
  <message>Parser initialization begin</message>
</record>
<record>
  <date>2019-11-10T11:13:01.882547500Z</date>
  <millis>1573384381882</millis>
  <nanos>547500</nanos>
  <sequence>278</sequence>
  <logger>global</logger>
  <level>INFO</level>
  <class>optix.util.Parser</class>
  <method>&lt;init&gt;</method>
  <thread>1</thread>
  <message>Parser initialization complete.</message>
</record>
<record>
  <date>2019-11-10T11:13:01.882547500Z</date>
  <millis>1573384381882</millis>
  <nanos>547500</nanos>
  <sequence>279</sequence>
  <logger>global</logger>
  <level>INFO</level>
  <class>optix.util.Parser</class>
  <method>resetPreferences</method>
  <thread>1</thread>
  <message>Saving preferences</message>
</record>
<record>
  <date>2019-11-10T11:13:01.882547500Z</date>
  <millis>1573384381882</millis>
  <nanos>547500</nanos>
  <sequence>280</sequence>
  <logger>global</logger>
  <level>INFO</level>
  <class>optix.util.Parser</class>
  <method>resetPreferences</method>
  <thread>1</thread>
  <message>preferences saved</message>
</record>
<record>
  <date>2019-11-10T11:13:01.882547500Z</date>
  <millis>1573384381882</millis>
  <nanos>547500</nanos>
  <sequence>281</sequence>
  <logger>global</logger>
  <level>INFO</level>
  <class>optix.util.Parser</class>
  <method>parse</method>
  <thread>1</thread>
  <message>Parsing string: view-profit VV</message>
</record>
</log>
<?xml version="1.0" encoding="UTF-8" standalone="no"?>
<!DOCTYPE log SYSTEM "logger.dtd">
<log>
<record>
  <date>2019-11-10T11:13:01.896539500Z</date>
  <millis>1573384381896</millis>
  <nanos>539500</nanos>
  <sequence>284</sequence>
  <logger>global</logger>
  <level>INFO</level>
  <class>optix.util.Parser</class>
  <method>&lt;init&gt;</method>
  <thread>1</thread>
  <message>Parser initialization begin</message>
</record>
<record>
  <date>2019-11-10T11:13:01.896539500Z</date>
  <millis>1573384381896</millis>
  <nanos>539500</nanos>
  <sequence>285</sequence>
  <logger>global</logger>
  <level>INFO</level>
  <class>optix.util.Parser</class>
  <method>&lt;init&gt;</method>
  <thread>1</thread>
  <message>Parser initialization complete.</message>
</record>
<record>
  <date>2019-11-10T11:13:01.896539500Z</date>
  <millis>1573384381896</millis>
  <nanos>539500</nanos>
  <sequence>286</sequence>
  <logger>global</logger>
  <level>INFO</level>
  <class>optix.util.Parser</class>
  <method>resetPreferences</method>
  <thread>1</thread>
  <message>Saving preferences</message>
</record>
<record>
  <date>2019-11-10T11:13:01.896539500Z</date>
  <millis>1573384381896</millis>
  <nanos>539500</nanos>
  <sequence>287</sequence>
  <logger>global</logger>
  <level>INFO</level>
  <class>optix.util.Parser</class>
  <method>resetPreferences</method>
  <thread>1</thread>
  <message>preferences saved</message>
</record>
<record>
  <date>2019-11-10T11:13:01.897539600Z</date>
  <millis>1573384381897</millis>
  <nanos>539600</nanos>
  <sequence>288</sequence>
  <logger>global</logger>
  <level>INFO</level>
  <class>optix.util.Parser</class>
  <method>parse</method>
  <thread>1</thread>
  <message>Parsing string: list Jan 2020</message>
</record>
<record>
  <date>2019-11-10T11:13:01.903535600Z</date>
  <millis>1573384381903</millis>
  <nanos>535600</nanos>
  <sequence>290</sequence>
  <logger>global</logger>
  <level>INFO</level>
  <class>optix.util.Parser</class>
  <method>&lt;init&gt;</method>
  <thread>1</thread>
  <message>Parser initialization begin</message>
</record>
<record>
  <date>2019-11-10T11:13:01.903535600Z</date>
  <millis>1573384381903</millis>
  <nanos>535600</nanos>
  <sequence>291</sequence>
  <logger>global</logger>
  <level>INFO</level>
  <class>optix.util.Parser</class>
  <method>&lt;init&gt;</method>
  <thread>1</thread>
  <message>Parser initialization complete.</message>
</record>
<record>
  <date>2019-11-10T11:13:01.904534200Z</date>
  <millis>1573384381904</millis>
  <nanos>534200</nanos>
  <sequence>292</sequence>
  <logger>global</logger>
  <level>INFO</level>
  <class>optix.util.Parser</class>
  <method>resetPreferences</method>
  <thread>1</thread>
  <message>Saving preferences</message>
</record>
<record>
  <date>2019-11-10T11:13:01.904534200Z</date>
  <millis>1573384381904</millis>
  <nanos>534200</nanos>
  <sequence>293</sequence>
  <logger>global</logger>
  <level>INFO</level>
  <class>optix.util.Parser</class>
  <method>resetPreferences</method>
  <thread>1</thread>
  <message>preferences saved</message>
</record>
<record>
  <date>2019-11-10T11:13:01.904534200Z</date>
  <millis>1573384381904</millis>
  <nanos>534200</nanos>
  <sequence>294</sequence>
  <logger>global</logger>
  <level>INFO</level>
  <class>optix.util.Parser</class>
  <method>parse</method>
  <thread>1</thread>
  <message>Parsing string: list testShow</message>
</record>
<record>
  <date>2019-11-10T11:13:01.910532100Z</date>
  <millis>1573384381910</millis>
  <nanos>532100</nanos>
  <sequence>296</sequence>
  <logger>global</logger>
  <level>INFO</level>
  <class>optix.util.Parser</class>
  <method>&lt;init&gt;</method>
  <thread>1</thread>
  <message>Parser initialization begin</message>
</record>
<record>
  <date>2019-11-10T11:13:01.910532100Z</date>
  <millis>1573384381910</millis>
  <nanos>532100</nanos>
  <sequence>297</sequence>
  <logger>global</logger>
  <level>INFO</level>
  <class>optix.util.Parser</class>
  <method>&lt;init&gt;</method>
  <thread>1</thread>
  <message>Parser initialization complete.</message>
</record>
<record>
  <date>2019-11-10T11:13:01.910532100Z</date>
  <millis>1573384381910</millis>
  <nanos>532100</nanos>
  <sequence>298</sequence>
  <logger>global</logger>
  <level>INFO</level>
  <class>optix.util.Parser</class>
  <method>resetPreferences</method>
  <thread>1</thread>
  <message>Saving preferences</message>
</record>
<record>
  <date>2019-11-10T11:13:01.910532100Z</date>
  <millis>1573384381910</millis>
  <nanos>532100</nanos>
  <sequence>299</sequence>
  <logger>global</logger>
  <level>INFO</level>
  <class>optix.util.Parser</class>
  <method>resetPreferences</method>
  <thread>1</thread>
  <message>preferences saved</message>
</record>
<record>
  <date>2019-11-10T11:13:01.911529800Z</date>
  <millis>1573384381911</millis>
  <nanos>529800</nanos>
  <sequence>300</sequence>
  <logger>global</logger>
  <level>INFO</level>
  <class>optix.util.Parser</class>
  <method>parse</method>
  <thread>1</thread>
  <message>Parsing string: reassign-seat VV</message>
</record>
</log>
<?xml version="1.0" encoding="UTF-8" standalone="no"?>
<!DOCTYPE log SYSTEM "logger.dtd">
<log>
<record>
  <date>2019-11-10T11:13:01.922524500Z</date>
  <millis>1573384381922</millis>
  <nanos>524500</nanos>
  <sequence>303</sequence>
  <logger>global</logger>
  <level>INFO</level>
  <class>optix.util.Parser</class>
  <method>&lt;init&gt;</method>
  <thread>1</thread>
  <message>Parser initialization begin</message>
</record>
<record>
  <date>2019-11-10T11:13:01.922524500Z</date>
  <millis>1573384381922</millis>
  <nanos>524500</nanos>
  <sequence>304</sequence>
  <logger>global</logger>
  <level>INFO</level>
  <class>optix.util.Parser</class>
  <method>&lt;init&gt;</method>
  <thread>1</thread>
  <message>Parser initialization complete.</message>
</record>
<record>
  <date>2019-11-10T11:13:01.922524500Z</date>
  <millis>1573384381922</millis>
  <nanos>524500</nanos>
  <sequence>305</sequence>
  <logger>global</logger>
  <level>INFO</level>
  <class>optix.util.Parser</class>
  <method>resetPreferences</method>
  <thread>1</thread>
  <message>Saving preferences</message>
</record>
<record>
  <date>2019-11-10T11:13:01.922524500Z</date>
  <millis>1573384381922</millis>
  <nanos>524500</nanos>
  <sequence>306</sequence>
  <logger>global</logger>
  <level>INFO</level>
  <class>optix.util.Parser</class>
  <method>resetPreferences</method>
  <thread>1</thread>
  <message>preferences saved</message>
</record>
<record>
  <date>2019-11-10T11:13:01.923523900Z</date>
  <millis>1573384381923</millis>
  <nanos>523900</nanos>
  <sequence>307</sequence>
  <logger>global</logger>
  <level>INFO</level>
  <class>optix.util.Parser</class>
  <method>parse</method>
  <thread>1</thread>
  <message>Parsing string: reset-alias</message>
</record>
</log>
<?xml version="1.0" encoding="UTF-8" standalone="no"?>
<!DOCTYPE log SYSTEM "logger.dtd">
<log>
<record>
  <date>2019-11-10T11:13:01.934517900Z</date>
  <millis>1573384381934</millis>
  <nanos>517900</nanos>
  <sequence>310</sequence>
  <logger>global</logger>
  <level>INFO</level>
  <class>optix.util.Parser</class>
  <method>&lt;init&gt;</method>
  <thread>1</thread>
  <message>Parser initialization begin</message>
</record>
<record>
  <date>2019-11-10T11:13:01.940514100Z</date>
  <millis>1573384381940</millis>
  <nanos>514100</nanos>
  <sequence>311</sequence>
  <logger>global</logger>
  <level>INFO</level>
  <class>optix.util.Parser</class>
  <method>&lt;init&gt;</method>
  <thread>1</thread>
  <message>Parser initialization complete.</message>
</record>
<record>
  <date>2019-11-10T11:13:01.942513400Z</date>
  <millis>1573384381942</millis>
  <nanos>513400</nanos>
  <sequence>312</sequence>
  <logger>global</logger>
  <level>INFO</level>
  <class>optix.util.Parser</class>
  <method>resetPreferences</method>
  <thread>1</thread>
  <message>Saving preferences</message>
</record>
<record>
  <date>2019-11-10T11:13:01.943513200Z</date>
  <millis>1573384381943</millis>
  <nanos>513200</nanos>
  <sequence>313</sequence>
  <logger>global</logger>
  <level>INFO</level>
  <class>optix.util.Parser</class>
  <method>resetPreferences</method>
  <thread>1</thread>
  <message>preferences saved</message>
</record>
<record>
  <date>2019-11-10T11:13:01.943513200Z</date>
  <millis>1573384381943</millis>
  <nanos>513200</nanos>
  <sequence>314</sequence>
  <logger>global</logger>
  <level>INFO</level>
  <class>optix.util.Parser</class>
  <method>parse</method>
  <thread>1</thread>
  <message>Parsing string: view input</message>
</record>
</log>
<?xml version="1.0" encoding="UTF-8" standalone="no"?>
<!DOCTYPE log SYSTEM "logger.dtd">
<log>
<record>
  <date>2019-11-10T11:13:01.954507100Z</date>
  <millis>1573384381954</millis>
  <nanos>507100</nanos>
  <sequence>317</sequence>
  <logger>global</logger>
  <level>INFO</level>
  <class>optix.util.Parser</class>
  <method>&lt;init&gt;</method>
  <thread>1</thread>
  <message>Parser initialization begin</message>
</record>
<record>
  <date>2019-11-10T11:13:01.955506100Z</date>
  <millis>1573384381955</millis>
  <nanos>506100</nanos>
  <sequence>318</sequence>
  <logger>global</logger>
  <level>INFO</level>
  <class>optix.util.Parser</class>
  <method>&lt;init&gt;</method>
  <thread>1</thread>
  <message>Parser initialization complete.</message>
</record>
<record>
  <date>2019-11-10T11:13:01.955506100Z</date>
  <millis>1573384381955</millis>
  <nanos>506100</nanos>
  <sequence>319</sequence>
  <logger>global</logger>
  <level>INFO</level>
  <class>optix.util.Parser</class>
  <method>resetPreferences</method>
  <thread>1</thread>
  <message>Saving preferences</message>
</record>
<record>
  <date>2019-11-10T11:13:01.955506100Z</date>
  <millis>1573384381955</millis>
  <nanos>506100</nanos>
  <sequence>320</sequence>
  <logger>global</logger>
  <level>INFO</level>
  <class>optix.util.Parser</class>
  <method>resetPreferences</method>
  <thread>1</thread>
  <message>preferences saved</message>
</record>
<record>
  <date>2019-11-10T11:13:01.955506100Z</date>
  <millis>1573384381955</millis>
  <nanos>506100</nanos>
  <sequence>321</sequence>
  <logger>global</logger>
  <level>INFO</level>
  <class>optix.util.Parser</class>
  <method>parse</method>
  <thread>1</thread>
  <message>Parsing string: sell input</message>
</record>
</log>
<?xml version="1.0" encoding="UTF-8" standalone="no"?>
<!DOCTYPE log SYSTEM "logger.dtd">
<log>
<record>
  <date>2019-11-10T11:13:01.965499500Z</date>
  <millis>1573384381965</millis>
  <nanos>499500</nanos>
  <sequence>324</sequence>
  <logger>global</logger>
  <level>INFO</level>
  <class>optix.util.Parser</class>
  <method>&lt;init&gt;</method>
  <thread>1</thread>
  <message>Parser initialization begin</message>
</record>
<record>
  <date>2019-11-10T11:13:01.965499500Z</date>
  <millis>1573384381965</millis>
  <nanos>499500</nanos>
  <sequence>325</sequence>
  <logger>global</logger>
  <level>INFO</level>
  <class>optix.util.Parser</class>
  <method>&lt;init&gt;</method>
  <thread>1</thread>
  <message>Parser initialization complete.</message>
</record>
<record>
  <date>2019-11-10T11:13:01.965499500Z</date>
  <millis>1573384381965</millis>
  <nanos>499500</nanos>
  <sequence>326</sequence>
  <logger>global</logger>
  <level>INFO</level>
  <class>optix.util.Parser</class>
  <method>resetPreferences</method>
  <thread>1</thread>
  <message>Saving preferences</message>
</record>
<record>
  <date>2019-11-10T11:13:01.965499500Z</date>
  <millis>1573384381965</millis>
  <nanos>499500</nanos>
  <sequence>327</sequence>
  <logger>global</logger>
  <level>INFO</level>
  <class>optix.util.Parser</class>
  <method>resetPreferences</method>
  <thread>1</thread>
  <message>preferences saved</message>
</record>
<record>
  <date>2019-11-10T11:13:01.966499400Z</date>
  <millis>1573384381966</millis>
  <nanos>499400</nanos>
  <sequence>328</sequence>
  <logger>global</logger>
  <level>INFO</level>
  <class>optix.util.Parser</class>
  <method>addAlias</method>
  <thread>1</thread>
  <message>adding new alias</message>
</record>
<record>
  <date>2019-11-10T11:13:01.966499400Z</date>
  <millis>1573384381966</millis>
  <nanos>499400</nanos>
  <sequence>329</sequence>
  <logger>global</logger>
  <level>INFO</level>
  <class>optix.util.Parser</class>
  <method>addAlias</method>
  <thread>1</thread>
  <message>error adding alias.</message>
</record>
<record>
  <date>2019-11-10T11:13:01.969498Z</date>
  <millis>1573384381969</millis>
  <nanos>498000</nanos>
  <sequence>331</sequence>
  <logger>global</logger>
  <level>INFO</level>
  <class>optix.util.Parser</class>
  <method>&lt;init&gt;</method>
  <thread>1</thread>
  <message>Parser initialization begin</message>
</record>
<record>
  <date>2019-11-10T11:13:01.970497300Z</date>
  <millis>1573384381970</millis>
  <nanos>497300</nanos>
  <sequence>332</sequence>
  <logger>global</logger>
  <level>INFO</level>
  <class>optix.util.Parser</class>
  <method>&lt;init&gt;</method>
  <thread>1</thread>
  <message>Parser initialization complete.</message>
</record>
<record>
  <date>2019-11-10T11:13:01.970497300Z</date>
  <millis>1573384381970</millis>
  <nanos>497300</nanos>
  <sequence>333</sequence>
  <logger>global</logger>
  <level>INFO</level>
  <class>optix.util.Parser</class>
  <method>resetPreferences</method>
  <thread>1</thread>
  <message>Saving preferences</message>
</record>
<record>
  <date>2019-11-10T11:13:01.970497300Z</date>
  <millis>1573384381970</millis>
  <nanos>497300</nanos>
  <sequence>334</sequence>
  <logger>global</logger>
  <level>INFO</level>
  <class>optix.util.Parser</class>
  <method>resetPreferences</method>
  <thread>1</thread>
  <message>preferences saved</message>
</record>
<record>
  <date>2019-11-10T11:13:01.970497300Z</date>
  <millis>1573384381970</millis>
  <nanos>497300</nanos>
  <sequence>335</sequence>
  <logger>global</logger>
  <level>INFO</level>
  <class>optix.util.Parser</class>
  <method>addAlias</method>
  <thread>1</thread>
  <message>adding new alias</message>
</record>
<record>
  <date>2019-11-10T11:13:01.970497300Z</date>
  <millis>1573384381970</millis>
  <nanos>497300</nanos>
  <sequence>336</sequence>
  <logger>global</logger>
  <level>INFO</level>
  <class>optix.util.Parser</class>
  <method>addAlias</method>
  <thread>1</thread>
  <message>error adding alias.</message>
</record>
<record>
  <date>2019-11-10T11:13:01.976495500Z</date>
  <millis>1573384381976</millis>
  <nanos>495500</nanos>
  <sequence>338</sequence>
  <logger>global</logger>
  <level>INFO</level>
  <class>optix.util.Parser</class>
  <method>&lt;init&gt;</method>
  <thread>1</thread>
  <message>Parser initialization begin</message>
</record>
<record>
  <date>2019-11-10T11:13:01.976495500Z</date>
  <millis>1573384381976</millis>
  <nanos>495500</nanos>
  <sequence>339</sequence>
  <logger>global</logger>
  <level>INFO</level>
  <class>optix.util.Parser</class>
  <method>&lt;init&gt;</method>
  <thread>1</thread>
  <message>Parser initialization complete.</message>
</record>
<record>
  <date>2019-11-10T11:13:01.977495100Z</date>
  <millis>1573384381977</millis>
  <nanos>495100</nanos>
  <sequence>340</sequence>
  <logger>global</logger>
  <level>INFO</level>
  <class>optix.util.Parser</class>
  <method>resetPreferences</method>
  <thread>1</thread>
  <message>Saving preferences</message>
</record>
<record>
  <date>2019-11-10T11:13:01.977495100Z</date>
  <millis>1573384381977</millis>
  <nanos>495100</nanos>
  <sequence>341</sequence>
  <logger>global</logger>
  <level>INFO</level>
  <class>optix.util.Parser</class>
  <method>resetPreferences</method>
  <thread>1</thread>
  <message>preferences saved</message>
</record>
<record>
  <date>2019-11-10T11:13:01.977495100Z</date>
  <millis>1573384381977</millis>
  <nanos>495100</nanos>
  <sequence>342</sequence>
  <logger>global</logger>
  <level>INFO</level>
  <class>optix.util.Parser</class>
  <method>addAlias</method>
  <thread>1</thread>
  <message>adding new alias</message>
</record>
<record>
  <date>2019-11-10T11:13:01.977495100Z</date>
  <millis>1573384381977</millis>
  <nanos>495100</nanos>
  <sequence>343</sequence>
  <logger>global</logger>
  <level>INFO</level>
  <class>optix.util.Parser</class>
  <method>addAlias</method>
  <thread>1</thread>
  <message>error adding alias.</message>
</record>
</log>
